{"C:\\Users\\ygor_\\OneDrive\\Documentos\\AppOfertando-\\Ofertando\\app\\cadastro.tsx": {"path":"C:\\Users\\ygor_\\OneDrive\\Documentos\\AppOfertando-\\Ofertando\\app\\cadastro.tsx","statementMap":{"0":{"start":{"line":10,"column":17},"end":{"line":10,"column":28}},"1":{"start":{"line":11,"column":43},"end":{"line":11,"column":52}},"2":{"start":{"line":13,"column":26},"end":{"line":13,"column":38}},"3":{"start":{"line":14,"column":46},"end":{"line":14,"column":58}},"4":{"start":{"line":15,"column":34},"end":{"line":15,"column":46}},"5":{"start":{"line":16,"column":28},"end":{"line":16,"column":40}},"6":{"start":{"line":17,"column":28},"end":{"line":17,"column":40}},"7":{"start":{"line":18,"column":46},"end":{"line":18,"column":58}},"8":{"start":{"line":19,"column":48},"end":{"line":19,"column":63}},"9":{"start":{"line":20,"column":62},"end":{"line":20,"column":77}},"10":{"start":{"line":21,"column":36},"end":{"line":21,"column":51}},"11":{"start":{"line":23,"column":38},"end":{"line":23,"column":50}},"12":{"start":{"line":24,"column":40},"end":{"line":24,"column":55}},"13":{"start":{"line":27,"column":22},"end":{"line":27,"column":69}},"14":{"start":{"line":27,"column":41},"end":{"line":27,"column":69}},"15":{"start":{"line":28,"column":21},"end":{"line":28,"column":75}},"16":{"start":{"line":28,"column":40},"end":{"line":28,"column":75}},"17":{"start":{"line":29,"column":25},"end":{"line":29,"column":82}},"18":{"start":{"line":29,"column":44},"end":{"line":29,"column":82}},"19":{"start":{"line":31,"column":22},"end":{"line":36,"column":3}},"20":{"start":{"line":32,"column":4},"end":{"line":32,"column":73}},"21":{"start":{"line":32,"column":26},"end":{"line":32,"column":73}},"22":{"start":{"line":33,"column":4},"end":{"line":33,"column":82}},"23":{"start":{"line":33,"column":33},"end":{"line":33,"column":82}},"24":{"start":{"line":34,"column":4},"end":{"line":34,"column":76}},"25":{"start":{"line":34,"column":27},"end":{"line":34,"column":76}},"26":{"start":{"line":35,"column":4},"end":{"line":35,"column":14}},"27":{"start":{"line":38,"column":27},"end":{"line":47,"column":3}},"28":{"start":{"line":39,"column":18},"end":{"line":39,"column":41}},"29":{"start":{"line":40,"column":4},"end":{"line":40,"column":58}},"30":{"start":{"line":40,"column":28},"end":{"line":40,"column":58}},"31":{"start":{"line":41,"column":4},"end":{"line":45,"column":5}},"32":{"start":{"line":42,"column":6},"end":{"line":42,"column":71}},"33":{"start":{"line":43,"column":11},"end":{"line":45,"column":5}},"34":{"start":{"line":44,"column":6},"end":{"line":44,"column":61}},"35":{"start":{"line":46,"column":4},"end":{"line":46,"column":31}},"36":{"start":{"line":49,"column":31},"end":{"line":61,"column":3}},"37":{"start":{"line":50,"column":18},"end":{"line":50,"column":41}},"38":{"start":{"line":51,"column":4},"end":{"line":51,"column":60}},"39":{"start":{"line":51,"column":29},"end":{"line":51,"column":60}},"40":{"start":{"line":53,"column":4},"end":{"line":59,"column":5}},"41":{"start":{"line":54,"column":6},"end":{"line":54,"column":75}},"42":{"start":{"line":55,"column":11},"end":{"line":59,"column":5}},"43":{"start":{"line":56,"column":6},"end":{"line":56,"column":63}},"44":{"start":{"line":57,"column":11},"end":{"line":59,"column":5}},"45":{"start":{"line":58,"column":6},"end":{"line":58,"column":53}},"46":{"start":{"line":60,"column":4},"end":{"line":60,"column":25}},"47":{"start":{"line":65,"column":2},"end":{"line":78,"column":69}},"48":{"start":{"line":66,"column":31},"end":{"line":66,"column":49}},"49":{"start":{"line":67,"column":4},"end":{"line":67,"column":38}},"50":{"start":{"line":70,"column":6},"end":{"line":75,"column":30}},"51":{"start":{"line":77,"column":4},"end":{"line":77,"column":30}},"52":{"start":{"line":80,"column":25},"end":{"line":105,"column":1}},"53":{"start":{"line":81,"column":2},"end":{"line":84,"column":3}},"54":{"start":{"line":82,"column":4},"end":{"line":82,"column":96}},"55":{"start":{"line":83,"column":4},"end":{"line":83,"column":11}},"56":{"start":{"line":86,"column":2},"end":{"line":86,"column":21}},"57":{"start":{"line":87,"column":2},"end":{"line":104,"column":3}},"58":{"start":{"line":88,"column":22},"end":{"line":88,"column":47}},"59":{"start":{"line":89,"column":20},"end":{"line":89,"column":70}},"60":{"start":{"line":91,"column":4},"end":{"line":91,"column":56}},"61":{"start":{"line":92,"column":4},"end":{"line":98,"column":7}},"62":{"start":{"line":96,"column":23},"end":{"line":96,"column":94}},"63":{"start":{"line":100,"column":4},"end":{"line":100,"column":54}},"64":{"start":{"line":101,"column":4},"end":{"line":101,"column":72}},"65":{"start":{"line":103,"column":4},"end":{"line":103,"column":24}},"66":{"start":{"line":107,"column":2},"end":{"line":230,"column":4}},"67":{"start":{"line":186,"column":45},"end":{"line":186,"column":81}},"68":{"start":{"line":203,"column":45},"end":{"line":203,"column":95}},"69":{"start":{"line":218,"column":73},"end":{"line":218,"column":94}},"70":{"start":{"line":233,"column":15},"end":{"line":249,"column":2}}},"fnMap":{"0":{"name":"CadastroScreen","decl":{"start":{"line":9,"column":24},"end":{"line":9,"column":38}},"loc":{"start":{"line":9,"column":41},"end":{"line":231,"column":1}},"line":9},"1":{"name":"(anonymous_1)","decl":{"start":{"line":27,"column":22},"end":{"line":27,"column":23}},"loc":{"start":{"line":27,"column":41},"end":{"line":27,"column":69}},"line":27},"2":{"name":"(anonymous_2)","decl":{"start":{"line":28,"column":21},"end":{"line":28,"column":22}},"loc":{"start":{"line":28,"column":40},"end":{"line":28,"column":75}},"line":28},"3":{"name":"(anonymous_3)","decl":{"start":{"line":29,"column":25},"end":{"line":29,"column":26}},"loc":{"start":{"line":29,"column":44},"end":{"line":29,"column":82}},"line":29},"4":{"name":"(anonymous_4)","decl":{"start":{"line":31,"column":22},"end":{"line":31,"column":23}},"loc":{"start":{"line":31,"column":41},"end":{"line":36,"column":3}},"line":31},"5":{"name":"(anonymous_5)","decl":{"start":{"line":38,"column":27},"end":{"line":38,"column":28}},"loc":{"start":{"line":38,"column":45},"end":{"line":47,"column":3}},"line":38},"6":{"name":"(anonymous_6)","decl":{"start":{"line":49,"column":31},"end":{"line":49,"column":32}},"loc":{"start":{"line":49,"column":49},"end":{"line":61,"column":3}},"line":49},"7":{"name":"(anonymous_7)","decl":{"start":{"line":65,"column":12},"end":{"line":65,"column":13}},"loc":{"start":{"line":65,"column":18},"end":{"line":78,"column":3}},"line":65},"8":{"name":"(anonymous_8)","decl":{"start":{"line":80,"column":25},"end":{"line":80,"column":26}},"loc":{"start":{"line":80,"column":37},"end":{"line":105,"column":1}},"line":80},"9":{"name":"(anonymous_9)","decl":{"start":{"line":96,"column":17},"end":{"line":96,"column":18}},"loc":{"start":{"line":96,"column":23},"end":{"line":96,"column":94}},"line":96},"10":{"name":"(anonymous_10)","decl":{"start":{"line":186,"column":39},"end":{"line":186,"column":40}},"loc":{"start":{"line":186,"column":45},"end":{"line":186,"column":81}},"line":186},"11":{"name":"(anonymous_11)","decl":{"start":{"line":203,"column":39},"end":{"line":203,"column":40}},"loc":{"start":{"line":203,"column":45},"end":{"line":203,"column":95}},"line":203},"12":{"name":"(anonymous_12)","decl":{"start":{"line":218,"column":67},"end":{"line":218,"column":68}},"loc":{"start":{"line":218,"column":73},"end":{"line":218,"column":94}},"line":218}},"branchMap":{"0":{"loc":{"start":{"line":32,"column":4},"end":{"line":32,"column":73}},"type":"if","locations":[{"start":{"line":32,"column":4},"end":{"line":32,"column":73}},{"start":{},"end":{}}],"line":32},"1":{"loc":{"start":{"line":33,"column":4},"end":{"line":33,"column":82}},"type":"if","locations":[{"start":{"line":33,"column":4},"end":{"line":33,"column":82}},{"start":{},"end":{}}],"line":33},"2":{"loc":{"start":{"line":34,"column":4},"end":{"line":34,"column":76}},"type":"if","locations":[{"start":{"line":34,"column":4},"end":{"line":34,"column":76}},{"start":{},"end":{}}],"line":34},"3":{"loc":{"start":{"line":40,"column":4},"end":{"line":40,"column":58}},"type":"if","locations":[{"start":{"line":40,"column":4},"end":{"line":40,"column":58}},{"start":{},"end":{}}],"line":40},"4":{"loc":{"start":{"line":41,"column":4},"end":{"line":45,"column":5}},"type":"if","locations":[{"start":{"line":41,"column":4},"end":{"line":45,"column":5}},{"start":{"line":43,"column":11},"end":{"line":45,"column":5}}],"line":41},"5":{"loc":{"start":{"line":43,"column":11},"end":{"line":45,"column":5}},"type":"if","locations":[{"start":{"line":43,"column":11},"end":{"line":45,"column":5}},{"start":{},"end":{}}],"line":43},"6":{"loc":{"start":{"line":51,"column":4},"end":{"line":51,"column":60}},"type":"if","locations":[{"start":{"line":51,"column":4},"end":{"line":51,"column":60}},{"start":{},"end":{}}],"line":51},"7":{"loc":{"start":{"line":53,"column":4},"end":{"line":59,"column":5}},"type":"if","locations":[{"start":{"line":53,"column":4},"end":{"line":59,"column":5}},{"start":{"line":55,"column":11},"end":{"line":59,"column":5}}],"line":53},"8":{"loc":{"start":{"line":55,"column":11},"end":{"line":59,"column":5}},"type":"if","locations":[{"start":{"line":55,"column":11},"end":{"line":59,"column":5}},{"start":{"line":57,"column":11},"end":{"line":59,"column":5}}],"line":55},"9":{"loc":{"start":{"line":57,"column":11},"end":{"line":59,"column":5}},"type":"if","locations":[{"start":{"line":57,"column":11},"end":{"line":59,"column":5}},{"start":{},"end":{}}],"line":57},"10":{"loc":{"start":{"line":70,"column":6},"end":{"line":75,"column":30}},"type":"binary-expr","locations":[{"start":{"line":70,"column":6},"end":{"line":70,"column":28}},{"start":{"line":71,"column":6},"end":{"line":71,"column":32}},{"start":{"line":72,"column":6},"end":{"line":72,"column":30}},{"start":{"line":73,"column":6},"end":{"line":73,"column":24}},{"start":{"line":74,"column":6},"end":{"line":74,"column":31}},{"start":{"line":75,"column":6},"end":{"line":75,"column":30}}],"line":70},"11":{"loc":{"start":{"line":81,"column":2},"end":{"line":84,"column":3}},"type":"if","locations":[{"start":{"line":81,"column":2},"end":{"line":84,"column":3}},{"start":{},"end":{}}],"line":81},"12":{"loc":{"start":{"line":101,"column":24},"end":{"line":101,"column":70}},"type":"binary-expr","locations":[{"start":{"line":101,"column":24},"end":{"line":101,"column":37}},{"start":{"line":101,"column":41},"end":{"line":101,"column":70}}],"line":101},"13":{"loc":{"start":{"line":108,"column":61},"end":{"line":108,"column":106}},"type":"cond-expr","locations":[{"start":{"line":108,"column":85},"end":{"line":108,"column":94}},{"start":{"line":108,"column":97},"end":{"line":108,"column":106}}],"line":108},"14":{"loc":{"start":{"line":181,"column":36},"end":{"line":181,"column":94}},"type":"cond-expr","locations":[{"start":{"line":181,"column":49},"end":{"line":181,"column":87}},{"start":{"line":181,"column":90},"end":{"line":181,"column":94}}],"line":181},"15":{"loc":{"start":{"line":187,"column":29},"end":{"line":187,"column":64}},"type":"cond-expr","locations":[{"start":{"line":187,"column":47},"end":{"line":187,"column":56}},{"start":{"line":187,"column":59},"end":{"line":187,"column":64}}],"line":187},"16":{"loc":{"start":{"line":190,"column":11},"end":{"line":190,"column":81}},"type":"cond-expr","locations":[{"start":{"line":190,"column":24},"end":{"line":190,"column":74}},{"start":{"line":190,"column":77},"end":{"line":190,"column":81}}],"line":190},"17":{"loc":{"start":{"line":204,"column":29},"end":{"line":204,"column":71}},"type":"cond-expr","locations":[{"start":{"line":204,"column":54},"end":{"line":204,"column":63}},{"start":{"line":204,"column":66},"end":{"line":204,"column":71}}],"line":204},"18":{"loc":{"start":{"line":210,"column":35},"end":{"line":210,"column":102}},"type":"binary-expr","locations":[{"start":{"line":210,"column":36},"end":{"line":210,"column":48}},{"start":{"line":210,"column":52},"end":{"line":210,"column":61}},{"start":{"line":210,"column":65},"end":{"line":210,"column":76}},{"start":{"line":210,"column":81},"end":{"line":210,"column":102}}],"line":210},"19":{"loc":{"start":{"line":212,"column":22},"end":{"line":212,"column":62}},"type":"binary-expr","locations":[{"start":{"line":212,"column":22},"end":{"line":212,"column":34}},{"start":{"line":212,"column":38},"end":{"line":212,"column":47}},{"start":{"line":212,"column":51},"end":{"line":212,"column":62}}],"line":212},"20":{"loc":{"start":{"line":214,"column":13},"end":{"line":214,"column":127}},"type":"cond-expr","locations":[{"start":{"line":214,"column":42},"end":{"line":214,"column":76}},{"start":{"line":214,"column":79},"end":{"line":214,"column":127}}],"line":214},"21":{"loc":{"start":{"line":214,"column":14},"end":{"line":214,"column":38}},"type":"binary-expr","locations":[{"start":{"line":214,"column":14},"end":{"line":214,"column":23}},{"start":{"line":214,"column":27},"end":{"line":214,"column":38}}],"line":214}},"s":{"0":12,"1":12,"2":12,"3":12,"4":12,"5":12,"6":12,"7":12,"8":12,"9":12,"10":12,"11":12,"12":12,"13":12,"14":2,"15":12,"16":2,"17":12,"18":2,"19":12,"20":5,"21":3,"22":2,"23":0,"24":2,"25":0,"26":2,"27":12,"28":2,"29":2,"30":0,"31":2,"32":2,"33":0,"34":0,"35":2,"36":12,"37":2,"38":2,"39":0,"40":2,"41":2,"42":0,"43":0,"44":0,"45":0,"46":2,"47":12,"48":5,"49":5,"50":5,"51":5,"52":12,"53":2,"54":0,"55":0,"56":2,"57":2,"58":2,"59":2,"60":2,"61":2,"62":0,"63":0,"64":0,"65":2,"66":12,"67":0,"68":0,"69":0,"70":1},"f":{"0":12,"1":2,"2":2,"3":2,"4":5,"5":2,"6":2,"7":5,"8":2,"9":0,"10":0,"11":0,"12":0},"b":{"0":[3,2],"1":[0,2],"2":[0,2],"3":[0,2],"4":[2,0],"5":[0,0],"6":[0,2],"7":[2,0],"8":[0,0],"9":[0,0],"10":[5,2,2,2,2,2],"11":[0,2],"12":[0,0],"13":[12,0],"14":[5,7],"15":[0,12],"16":[5,7],"17":[0,12],"18":[12,4,4,8],"19":[12,4,4],"20":[0,12],"21":[12,12]},"_coverageSchema":"1a1c01bbd47fc00a2c39e90264f33305004495a9","hash":"4b6adf1887b5f75b1d799f11fcfdefae9eb6053c"}
,"C:\\Users\\ygor_\\OneDrive\\Documentos\\AppOfertando-\\Ofertando\\app\\index.tsx": {"path":"C:\\Users\\ygor_\\OneDrive\\Documentos\\AppOfertando-\\Ofertando\\app\\index.tsx","statementMap":{"0":{"start":{"line":13,"column":17},"end":{"line":13,"column":28}},"1":{"start":{"line":15,"column":2},"end":{"line":41,"column":4}},"2":{"start":{"line":31,"column":63},"end":{"line":31,"column":84}},"3":{"start":{"line":35,"column":75},"end":{"line":35,"column":99}},"4":{"start":{"line":44,"column":15},"end":{"line":110,"column":2}}},"fnMap":{"0":{"name":"WelcomeScreen","decl":{"start":{"line":12,"column":24},"end":{"line":12,"column":37}},"loc":{"start":{"line":12,"column":40},"end":{"line":42,"column":1}},"line":12},"1":{"name":"(anonymous_1)","decl":{"start":{"line":31,"column":57},"end":{"line":31,"column":58}},"loc":{"start":{"line":31,"column":63},"end":{"line":31,"column":84}},"line":31},"2":{"name":"(anonymous_2)","decl":{"start":{"line":35,"column":69},"end":{"line":35,"column":70}},"loc":{"start":{"line":35,"column":75},"end":{"line":35,"column":99}},"line":35}},"branchMap":{},"s":{"0":3,"1":3,"2":1,"3":1,"4":1},"f":{"0":3,"1":1,"2":1},"b":{},"_coverageSchema":"1a1c01bbd47fc00a2c39e90264f33305004495a9","hash":"bd50f71c33a1013bc76d00dae025f3dc9c37ac64"}
,"C:\\Users\\ygor_\\OneDrive\\Documentos\\AppOfertando-\\Ofertando\\app\\login.tsx": {"path":"C:\\Users\\ygor_\\OneDrive\\Documentos\\AppOfertando-\\Ofertando\\app\\login.tsx","statementMap":{"0":{"start":{"line":10,"column":17},"end":{"line":10,"column":28}},"1":{"start":{"line":11,"column":43},"end":{"line":11,"column":52}},"2":{"start":{"line":13,"column":28},"end":{"line":13,"column":40}},"3":{"start":{"line":14,"column":28},"end":{"line":14,"column":40}},"4":{"start":{"line":15,"column":48},"end":{"line":15,"column":63}},"5":{"start":{"line":16,"column":36},"end":{"line":16,"column":51}},"6":{"start":{"line":19,"column":17},"end":{"line":19,"column":39}},"7":{"start":{"line":22,"column":2},"end":{"line":26,"column":31}},"8":{"start":{"line":23,"column":4},"end":{"line":25,"column":5}},"9":{"start":{"line":24,"column":6},"end":{"line":24,"column":49}},"10":{"start":{"line":28,"column":22},"end":{"line":44,"column":3}},"11":{"start":{"line":29,"column":4},"end":{"line":32,"column":5}},"12":{"start":{"line":30,"column":6},"end":{"line":30,"column":69}},"13":{"start":{"line":31,"column":6},"end":{"line":31,"column":13}},"14":{"start":{"line":34,"column":4},"end":{"line":34,"column":23}},"15":{"start":{"line":35,"column":4},"end":{"line":43,"column":5}},"16":{"start":{"line":36,"column":6},"end":{"line":36,"column":33}},"17":{"start":{"line":38,"column":6},"end":{"line":38,"column":53}},"18":{"start":{"line":40,"column":6},"end":{"line":40,"column":96}},"19":{"start":{"line":42,"column":6},"end":{"line":42,"column":26}},"20":{"start":{"line":46,"column":2},"end":{"line":105,"column":4}},"21":{"start":{"line":81,"column":43},"end":{"line":81,"column":79}},"22":{"start":{"line":86,"column":71},"end":{"line":86,"column":98}},"23":{"start":{"line":98,"column":71},"end":{"line":98,"column":95}},"24":{"start":{"line":108,"column":15},"end":{"line":124,"column":2}}},"fnMap":{"0":{"name":"LoginScreen","decl":{"start":{"line":9,"column":24},"end":{"line":9,"column":35}},"loc":{"start":{"line":9,"column":38},"end":{"line":106,"column":1}},"line":9},"1":{"name":"(anonymous_1)","decl":{"start":{"line":22,"column":12},"end":{"line":22,"column":13}},"loc":{"start":{"line":22,"column":18},"end":{"line":26,"column":3}},"line":22},"2":{"name":"(anonymous_2)","decl":{"start":{"line":28,"column":22},"end":{"line":28,"column":23}},"loc":{"start":{"line":28,"column":34},"end":{"line":44,"column":3}},"line":28},"3":{"name":"(anonymous_3)","decl":{"start":{"line":81,"column":37},"end":{"line":81,"column":38}},"loc":{"start":{"line":81,"column":43},"end":{"line":81,"column":79}},"line":81},"4":{"name":"(anonymous_4)","decl":{"start":{"line":86,"column":65},"end":{"line":86,"column":66}},"loc":{"start":{"line":86,"column":71},"end":{"line":86,"column":98}},"line":86},"5":{"name":"(anonymous_5)","decl":{"start":{"line":98,"column":65},"end":{"line":98,"column":66}},"loc":{"start":{"line":98,"column":71},"end":{"line":98,"column":95}},"line":98}},"branchMap":{"0":{"loc":{"start":{"line":23,"column":4},"end":{"line":25,"column":5}},"type":"if","locations":[{"start":{"line":23,"column":4},"end":{"line":25,"column":5}},{"start":{},"end":{}}],"line":23},"1":{"loc":{"start":{"line":29,"column":4},"end":{"line":32,"column":5}},"type":"if","locations":[{"start":{"line":29,"column":4},"end":{"line":32,"column":5}},{"start":{},"end":{}}],"line":29},"2":{"loc":{"start":{"line":29,"column":8},"end":{"line":29,"column":38}},"type":"binary-expr","locations":[{"start":{"line":29,"column":8},"end":{"line":29,"column":21}},{"start":{"line":29,"column":25},"end":{"line":29,"column":38}}],"line":29},"3":{"loc":{"start":{"line":40,"column":26},"end":{"line":40,"column":94}},"type":"binary-expr","locations":[{"start":{"line":40,"column":26},"end":{"line":40,"column":39}},{"start":{"line":40,"column":43},"end":{"line":40,"column":94}}],"line":40},"4":{"loc":{"start":{"line":47,"column":61},"end":{"line":47,"column":106}},"type":"cond-expr","locations":[{"start":{"line":47,"column":85},"end":{"line":47,"column":94}},{"start":{"line":47,"column":97},"end":{"line":47,"column":106}}],"line":47},"5":{"loc":{"start":{"line":82,"column":27},"end":{"line":82,"column":62}},"type":"cond-expr","locations":[{"start":{"line":82,"column":45},"end":{"line":82,"column":54}},{"start":{"line":82,"column":57},"end":{"line":82,"column":62}}],"line":82},"6":{"loc":{"start":{"line":91,"column":33},"end":{"line":91,"column":84}},"type":"binary-expr","locations":[{"start":{"line":91,"column":34},"end":{"line":91,"column":43}},{"start":{"line":91,"column":47},"end":{"line":91,"column":58}},{"start":{"line":91,"column":63},"end":{"line":91,"column":84}}],"line":91},"7":{"loc":{"start":{"line":93,"column":20},"end":{"line":93,"column":44}},"type":"binary-expr","locations":[{"start":{"line":93,"column":20},"end":{"line":93,"column":29}},{"start":{"line":93,"column":33},"end":{"line":93,"column":44}}],"line":93},"8":{"loc":{"start":{"line":95,"column":11},"end":{"line":95,"column":123}},"type":"cond-expr","locations":[{"start":{"line":95,"column":40},"end":{"line":95,"column":74}},{"start":{"line":95,"column":77},"end":{"line":95,"column":123}}],"line":95},"9":{"loc":{"start":{"line":95,"column":12},"end":{"line":95,"column":36}},"type":"binary-expr","locations":[{"start":{"line":95,"column":12},"end":{"line":95,"column":21}},{"start":{"line":95,"column":25},"end":{"line":95,"column":36}}],"line":95}},"s":{"0":6,"1":6,"2":6,"3":6,"4":6,"5":6,"6":6,"7":6,"8":3,"9":0,"10":6,"11":2,"12":1,"13":1,"14":1,"15":1,"16":1,"17":0,"18":0,"19":1,"20":6,"21":0,"22":0,"23":0,"24":1},"f":{"0":6,"1":3,"2":2,"3":0,"4":0,"5":0},"b":{"0":[0,3],"1":[1,1],"2":[2,1],"3":[0,0],"4":[6,0],"5":[0,6],"6":[6,6,0],"7":[6,6],"8":[0,6],"9":[6,6]},"_coverageSchema":"1a1c01bbd47fc00a2c39e90264f33305004495a9","hash":"511c72ca946e6fae0b755ccafb73e501c3cbc25b"}
,"C:\\Users\\ygor_\\OneDrive\\Documentos\\AppOfertando-\\Ofertando\\app\\modal.tsx": {"path":"C:\\Users\\ygor_\\OneDrive\\Documentos\\AppOfertando-\\Ofertando\\app\\modal.tsx","statementMap":{"0":{"start":{"line":7,"column":17},"end":{"line":7,"column":28}},"1":{"start":{"line":9,"column":2},"end":{"line":37,"column":4}},"2":{"start":{"line":19,"column":25},"end":{"line":19,"column":38}},"3":{"start":{"line":27,"column":12},"end":{"line":27,"column":26}}},"fnMap":{"0":{"name":"Modal","decl":{"start":{"line":6,"column":24},"end":{"line":6,"column":29}},"loc":{"start":{"line":6,"column":32},"end":{"line":38,"column":1}},"line":6},"1":{"name":"(anonymous_1)","decl":{"start":{"line":19,"column":19},"end":{"line":19,"column":20}},"loc":{"start":{"line":19,"column":25},"end":{"line":19,"column":38}},"line":19},"2":{"name":"(anonymous_2)","decl":{"start":{"line":25,"column":19},"end":{"line":25,"column":20}},"loc":{"start":{"line":25,"column":25},"end":{"line":28,"column":11}},"line":25}},"branchMap":{"0":{"loc":{"start":{"line":35,"column":24},"end":{"line":35,"column":64}},"type":"cond-expr","locations":[{"start":{"line":35,"column":48},"end":{"line":35,"column":55}},{"start":{"line":35,"column":58},"end":{"line":35,"column":64}}],"line":35}},"s":{"0":3,"1":3,"2":1,"3":1},"f":{"0":3,"1":1,"2":1},"b":{"0":[3,0]},"_coverageSchema":"1a1c01bbd47fc00a2c39e90264f33305004495a9","hash":"a1682788d9cb4eab36d451c858a13241d0469ee7"}
,"C:\\Users\\ygor_\\OneDrive\\Documentos\\AppOfertando-\\Ofertando\\app\\notifications.tsx": {"path":"C:\\Users\\ygor_\\OneDrive\\Documentos\\AppOfertando-\\Ofertando\\app\\notifications.tsx","statementMap":{"0":{"start":{"line":9,"column":22},"end":{"line":58,"column":1}},"1":{"start":{"line":61,"column":23},"end":{"line":61,"column":38}},"2":{"start":{"line":63,"column":4},"end":{"line":110,"column":6}},"3":{"start":{"line":68,"column":35},"end":{"line":68,"column":54}},"4":{"start":{"line":81,"column":40},"end":{"line":81,"column":47}},"5":{"start":{"line":83,"column":20},"end":{"line":106,"column":27}}},"fnMap":{"0":{"name":"NotificationsScreen","decl":{"start":{"line":60,"column":24},"end":{"line":60,"column":43}},"loc":{"start":{"line":60,"column":46},"end":{"line":111,"column":1}},"line":60},"1":{"name":"(anonymous_1)","decl":{"start":{"line":68,"column":29},"end":{"line":68,"column":30}},"loc":{"start":{"line":68,"column":35},"end":{"line":68,"column":54}},"line":68},"2":{"name":"(anonymous_2)","decl":{"start":{"line":81,"column":30},"end":{"line":81,"column":31}},"loc":{"start":{"line":81,"column":40},"end":{"line":81,"column":47}},"line":81},"3":{"name":"(anonymous_3)","decl":{"start":{"line":82,"column":28},"end":{"line":82,"column":29}},"loc":{"start":{"line":83,"column":20},"end":{"line":106,"column":27}},"line":83}},"branchMap":{"0":{"loc":{"start":{"line":88,"column":29},"end":{"line":92,"column":29}},"type":"cond-expr","locations":[{"start":{"line":89,"column":32},"end":{"line":89,"column":85}},{"start":{"line":91,"column":32},"end":{"line":91,"column":90}}],"line":88}},"s":{"0":1,"1":2,"2":2,"3":1,"4":14,"5":12},"f":{"0":2,"1":1,"2":14,"3":12},"b":{"0":[2,10]},"_coverageSchema":"1a1c01bbd47fc00a2c39e90264f33305004495a9","hash":"b464070f6f34007bd88b78893379c1e163b00332"}
,"C:\\Users\\ygor_\\OneDrive\\Documentos\\AppOfertando-\\Ofertando\\app\\replacePass.tsx": {"path":"C:\\Users\\ygor_\\OneDrive\\Documentos\\AppOfertando-\\Ofertando\\app\\replacePass.tsx","statementMap":{"0":{"start":{"line":8,"column":36},"end":{"line":8,"column":48}},"1":{"start":{"line":9,"column":17},"end":{"line":9,"column":28}},"2":{"start":{"line":10,"column":29},"end":{"line":10,"column":38}},"3":{"start":{"line":13,"column":4},"end":{"line":16,"column":5}},"4":{"start":{"line":14,"column":6},"end":{"line":14,"column":58}},"5":{"start":{"line":15,"column":6},"end":{"line":15,"column":13}},"6":{"start":{"line":18,"column":4},"end":{"line":24,"column":5}},"7":{"start":{"line":19,"column":6},"end":{"line":19,"column":38}},"8":{"start":{"line":20,"column":6},"end":{"line":20,"column":78}},"9":{"start":{"line":21,"column":6},"end":{"line":21,"column":20}},"10":{"start":{"line":23,"column":6},"end":{"line":23,"column":79}},"11":{"start":{"line":27,"column":2},"end":{"line":49,"column":4}},"12":{"start":{"line":52,"column":15},"end":{"line":100,"column":2}}},"fnMap":{"0":{"name":"ReplacePass","decl":{"start":{"line":7,"column":24},"end":{"line":7,"column":35}},"loc":{"start":{"line":7,"column":38},"end":{"line":50,"column":1}},"line":7},"1":{"name":"replacePass","decl":{"start":{"line":12,"column":17},"end":{"line":12,"column":28}},"loc":{"start":{"line":12,"column":31},"end":{"line":25,"column":3}},"line":12}},"branchMap":{"0":{"loc":{"start":{"line":13,"column":4},"end":{"line":16,"column":5}},"type":"if","locations":[{"start":{"line":13,"column":4},"end":{"line":16,"column":5}},{"start":{},"end":{}}],"line":13},"1":{"loc":{"start":{"line":23,"column":26},"end":{"line":23,"column":77}},"type":"binary-expr","locations":[{"start":{"line":23,"column":26},"end":{"line":23,"column":39}},{"start":{"line":23,"column":43},"end":{"line":23,"column":77}}],"line":23}},"s":{"0":6,"1":6,"2":6,"3":3,"4":1,"5":1,"6":2,"7":2,"8":1,"9":1,"10":1,"11":6,"12":1},"f":{"0":6,"1":3},"b":{"0":[1,2],"1":[1,0]},"_coverageSchema":"1a1c01bbd47fc00a2c39e90264f33305004495a9","hash":"2bc8ba7e677e6dba77555f372d209c03205d87d2"}
,"C:\\Users\\ygor_\\OneDrive\\Documentos\\AppOfertando-\\Ofertando\\app\\splash.tsx": {"path":"C:\\Users\\ygor_\\OneDrive\\Documentos\\AppOfertando-\\Ofertando\\app\\splash.tsx","statementMap":{"0":{"start":{"line":5,"column":21},"end":{"line":27,"column":1}},"1":{"start":{"line":6,"column":17},"end":{"line":6,"column":28}},"2":{"start":{"line":8,"column":2},"end":{"line":14,"column":9}},"3":{"start":{"line":9,"column":18},"end":{"line":11,"column":12}},"4":{"start":{"line":10,"column":6},"end":{"line":10,"column":26}},"5":{"start":{"line":13,"column":4},"end":{"line":13,"column":37}},"6":{"start":{"line":13,"column":17},"end":{"line":13,"column":36}},"7":{"start":{"line":16,"column":2},"end":{"line":26,"column":4}}},"fnMap":{"0":{"name":"(anonymous_0)","decl":{"start":{"line":5,"column":21},"end":{"line":5,"column":22}},"loc":{"start":{"line":5,"column":27},"end":{"line":27,"column":1}},"line":5},"1":{"name":"(anonymous_1)","decl":{"start":{"line":8,"column":12},"end":{"line":8,"column":13}},"loc":{"start":{"line":8,"column":18},"end":{"line":14,"column":3}},"line":8},"2":{"name":"(anonymous_2)","decl":{"start":{"line":9,"column":29},"end":{"line":9,"column":30}},"loc":{"start":{"line":9,"column":35},"end":{"line":11,"column":5}},"line":9},"3":{"name":"(anonymous_3)","decl":{"start":{"line":13,"column":11},"end":{"line":13,"column":12}},"loc":{"start":{"line":13,"column":17},"end":{"line":13,"column":36}},"line":13}},"branchMap":{},"s":{"0":1,"1":2,"2":2,"3":2,"4":2,"5":2,"6":2,"7":2},"f":{"0":2,"1":2,"2":2,"3":2},"b":{},"_coverageSchema":"1a1c01bbd47fc00a2c39e90264f33305004495a9","hash":"23ce4548f9b6627b5c3797251468d278f7594898"}
,"C:\\Users\\ygor_\\OneDrive\\Documentos\\AppOfertando-\\Ofertando\\app\\(drawer)\\(tabs)\\home.tsx": {"path":"C:\\Users\\ygor_\\OneDrive\\Documentos\\AppOfertando-\\Ofertando\\app\\(drawer)\\(tabs)\\home.tsx","statementMap":{"0":{"start":{"line":15,"column":24},"end":{"line":15,"column":49}},"1":{"start":{"line":17,"column":16},"end":{"line":20,"column":1}},"2":{"start":{"line":23,"column":17},"end":{"line":23,"column":28}},"3":{"start":{"line":24,"column":2},"end":{"line":95,"column":4}},"4":{"start":{"line":37,"column":22},"end":{"line":53,"column":34}},"5":{"start":{"line":40,"column":39},"end":{"line":40,"column":83}},"6":{"start":{"line":49,"column":41},"end":{"line":49,"column":62}},"7":{"start":{"line":65,"column":24},"end":{"line":65,"column":54}},"8":{"start":{"line":73,"column":24},"end":{"line":73,"column":54}},"9":{"start":{"line":81,"column":24},"end":{"line":81,"column":55}},"10":{"start":{"line":89,"column":24},"end":{"line":89,"column":58}}},"fnMap":{"0":{"name":"Home","decl":{"start":{"line":21,"column":24},"end":{"line":21,"column":28}},"loc":{"start":{"line":21,"column":31},"end":{"line":96,"column":1}},"line":21},"1":{"name":"(anonymous_1)","decl":{"start":{"line":36,"column":33},"end":{"line":36,"column":34}},"loc":{"start":{"line":37,"column":22},"end":{"line":53,"column":34}},"line":37},"2":{"name":"(anonymous_2)","decl":{"start":{"line":40,"column":33},"end":{"line":40,"column":34}},"loc":{"start":{"line":40,"column":39},"end":{"line":40,"column":83}},"line":40},"3":{"name":"(anonymous_3)","decl":{"start":{"line":49,"column":35},"end":{"line":49,"column":36}},"loc":{"start":{"line":49,"column":41},"end":{"line":49,"column":62}},"line":49},"4":{"name":"(anonymous_4)","decl":{"start":{"line":65,"column":18},"end":{"line":65,"column":19}},"loc":{"start":{"line":65,"column":24},"end":{"line":65,"column":54}},"line":65},"5":{"name":"(anonymous_5)","decl":{"start":{"line":73,"column":18},"end":{"line":73,"column":19}},"loc":{"start":{"line":73,"column":24},"end":{"line":73,"column":54}},"line":73},"6":{"name":"(anonymous_6)","decl":{"start":{"line":81,"column":18},"end":{"line":81,"column":19}},"loc":{"start":{"line":81,"column":24},"end":{"line":81,"column":55}},"line":81},"7":{"name":"(anonymous_7)","decl":{"start":{"line":89,"column":18},"end":{"line":89,"column":19}},"loc":{"start":{"line":89,"column":24},"end":{"line":89,"column":58}},"line":89}},"branchMap":{},"s":{"0":1,"1":1,"2":1,"3":1,"4":2,"5":0,"6":0,"7":0,"8":0,"9":0,"10":0},"f":{"0":1,"1":2,"2":0,"3":0,"4":0,"5":0,"6":0,"7":0},"b":{},"_coverageSchema":"1a1c01bbd47fc00a2c39e90264f33305004495a9","hash":"fd0f2e7c10633e4ca70b5ea9e82d5b691f28baa3"}
,"C:\\Users\\ygor_\\OneDrive\\Documentos\\AppOfertando-\\Ofertando\\assets\\1.png": {"path":"C:\\Users\\ygor_\\OneDrive\\Documentos\\AppOfertando-\\Ofertando\\assets\\1.png","statementMap":{"0":{"start":{"line":1,"column":0},"end":{"line":4,"column":6}}},"fnMap":{},"branchMap":{},"s":{"0":1},"f":{},"b":{},"_coverageSchema":"1a1c01bbd47fc00a2c39e90264f33305004495a9","hash":"ce4089af82995160b7e5b2c53261aa2cdab69e93"}
,"C:\\Users\\ygor_\\OneDrive\\Documentos\\AppOfertando-\\Ofertando\\assets\\11.png": {"path":"C:\\Users\\ygor_\\OneDrive\\Documentos\\AppOfertando-\\Ofertando\\assets\\11.png","statementMap":{"0":{"start":{"line":1,"column":0},"end":{"line":4,"column":6}}},"fnMap":{},"branchMap":{},"s":{"0":1},"f":{},"b":{},"_coverageSchema":"1a1c01bbd47fc00a2c39e90264f33305004495a9","hash":"4e576c315168ce0d86bb6f48205b0a7d19535ab8"}
,"C:\\Users\\ygor_\\OneDrive\\Documentos\\AppOfertando-\\Ofertando\\assets\\12.png": {"path":"C:\\Users\\ygor_\\OneDrive\\Documentos\\AppOfertando-\\Ofertando\\assets\\12.png","statementMap":{"0":{"start":{"line":1,"column":0},"end":{"line":4,"column":6}}},"fnMap":{},"branchMap":{},"s":{"0":1},"f":{},"b":{},"_coverageSchema":"1a1c01bbd47fc00a2c39e90264f33305004495a9","hash":"3f01ffd7c39045b1dc24ec609f29fac673161048"}
,"C:\\Users\\ygor_\\OneDrive\\Documentos\\AppOfertando-\\Ofertando\\assets\\2.png": {"path":"C:\\Users\\ygor_\\OneDrive\\Documentos\\AppOfertando-\\Ofertando\\assets\\2.png","statementMap":{"0":{"start":{"line":1,"column":0},"end":{"line":4,"column":6}}},"fnMap":{},"branchMap":{},"s":{"0":1},"f":{},"b":{},"_coverageSchema":"1a1c01bbd47fc00a2c39e90264f33305004495a9","hash":"f5af4b80d2606accf0f0374d39ccad8785991291"}
,"C:\\Users\\ygor_\\OneDrive\\Documentos\\AppOfertando-\\Ofertando\\assets\\3.png": {"path":"C:\\Users\\ygor_\\OneDrive\\Documentos\\AppOfertando-\\Ofertando\\assets\\3.png","statementMap":{"0":{"start":{"line":1,"column":0},"end":{"line":4,"column":6}}},"fnMap":{},"branchMap":{},"s":{"0":1},"f":{},"b":{},"_coverageSchema":"1a1c01bbd47fc00a2c39e90264f33305004495a9","hash":"8fad97b00e50e7cdccf6520af3250a17c106b9b2"}
,"C:\\Users\\ygor_\\OneDrive\\Documentos\\AppOfertando-\\Ofertando\\assets\\4.png": {"path":"C:\\Users\\ygor_\\OneDrive\\Documentos\\AppOfertando-\\Ofertando\\assets\\4.png","statementMap":{"0":{"start":{"line":1,"column":0},"end":{"line":4,"column":6}}},"fnMap":{},"branchMap":{},"s":{"0":1},"f":{},"b":{},"_coverageSchema":"1a1c01bbd47fc00a2c39e90264f33305004495a9","hash":"391b602e5e477af0e0d7a98f89f55e4a296da7b9"}
,"C:\\Users\\ygor_\\OneDrive\\Documentos\\AppOfertando-\\Ofertando\\assets\\5.png": {"path":"C:\\Users\\ygor_\\OneDrive\\Documentos\\AppOfertando-\\Ofertando\\assets\\5.png","statementMap":{"0":{"start":{"line":1,"column":0},"end":{"line":4,"column":6}}},"fnMap":{},"branchMap":{},"s":{"0":1},"f":{},"b":{},"_coverageSchema":"1a1c01bbd47fc00a2c39e90264f33305004495a9","hash":"c07382d2520861132f70bdf0adc8c72b1e563553"}
,"C:\\Users\\ygor_\\OneDrive\\Documentos\\AppOfertando-\\Ofertando\\assets\\logo.png": {"path":"C:\\Users\\ygor_\\OneDrive\\Documentos\\AppOfertando-\\Ofertando\\assets\\logo.png","statementMap":{"0":{"start":{"line":1,"column":0},"end":{"line":4,"column":6}}},"fnMap":{},"branchMap":{},"s":{"0":4},"f":{},"b":{},"_coverageSchema":"1a1c01bbd47fc00a2c39e90264f33305004495a9","hash":"37716e6e811856bae087a7b62cf743785574c30c"}
,"C:\\Users\\ygor_\\OneDrive\\Documentos\\AppOfertando-\\Ofertando\\components\\banner\\index.tsx": {"path":"C:\\Users\\ygor_\\OneDrive\\Documentos\\AppOfertando-\\Ofertando\\components\\banner\\index.tsx","statementMap":{"0":{"start":{"line":6,"column":19},"end":{"line":6,"column":42}},"1":{"start":{"line":7,"column":26},"end":{"line":7,"column":37}},"2":{"start":{"line":9,"column":21},"end":{"line":9,"column":22}},"3":{"start":{"line":11,"column":2},"end":{"line":19,"column":13}},"4":{"start":{"line":12,"column":21},"end":{"line":16,"column":12}},"5":{"start":{"line":13,"column":23},"end":{"line":13,"column":46}},"6":{"start":{"line":14,"column":6},"end":{"line":14,"column":42}},"7":{"start":{"line":15,"column":6},"end":{"line":15,"column":24}},"8":{"start":{"line":18,"column":4},"end":{"line":18,"column":41}},"9":{"start":{"line":18,"column":17},"end":{"line":18,"column":40}},"10":{"start":{"line":21,"column":2},"end":{"line":92,"column":4}},"11":{"start":{"line":28,"column":33},"end":{"line":28,"column":64}},"12":{"start":{"line":33,"column":27},"end":{"line":33,"column":60}},"13":{"start":{"line":42,"column":27},"end":{"line":42,"column":60}},"14":{"start":{"line":51,"column":27},"end":{"line":51,"column":60}},"15":{"start":{"line":60,"column":27},"end":{"line":60,"column":60}},"16":{"start":{"line":69,"column":27},"end":{"line":69,"column":60}},"17":{"start":{"line":83,"column":10},"end":{"line":88,"column":12}}},"fnMap":{"0":{"name":"Banner","decl":{"start":{"line":5,"column":24},"end":{"line":5,"column":30}},"loc":{"start":{"line":5,"column":33},"end":{"line":93,"column":1}},"line":5},"1":{"name":"(anonymous_1)","decl":{"start":{"line":11,"column":12},"end":{"line":11,"column":13}},"loc":{"start":{"line":11,"column":18},"end":{"line":19,"column":3}},"line":11},"2":{"name":"(anonymous_2)","decl":{"start":{"line":12,"column":33},"end":{"line":12,"column":34}},"loc":{"start":{"line":12,"column":39},"end":{"line":16,"column":5}},"line":12},"3":{"name":"(anonymous_3)","decl":{"start":{"line":18,"column":11},"end":{"line":18,"column":12}},"loc":{"start":{"line":18,"column":17},"end":{"line":18,"column":40}},"line":18},"4":{"name":"(anonymous_4)","decl":{"start":{"line":28,"column":26},"end":{"line":28,"column":27}},"loc":{"start":{"line":28,"column":33},"end":{"line":28,"column":64}},"line":28},"5":{"name":"(anonymous_5)","decl":{"start":{"line":33,"column":21},"end":{"line":33,"column":22}},"loc":{"start":{"line":33,"column":27},"end":{"line":33,"column":60}},"line":33},"6":{"name":"(anonymous_6)","decl":{"start":{"line":42,"column":21},"end":{"line":42,"column":22}},"loc":{"start":{"line":42,"column":27},"end":{"line":42,"column":60}},"line":42},"7":{"name":"(anonymous_7)","decl":{"start":{"line":51,"column":21},"end":{"line":51,"column":22}},"loc":{"start":{"line":51,"column":27},"end":{"line":51,"column":60}},"line":51},"8":{"name":"(anonymous_8)","decl":{"start":{"line":60,"column":21},"end":{"line":60,"column":22}},"loc":{"start":{"line":60,"column":27},"end":{"line":60,"column":60}},"line":60},"9":{"name":"(anonymous_9)","decl":{"start":{"line":69,"column":21},"end":{"line":69,"column":22}},"loc":{"start":{"line":69,"column":27},"end":{"line":69,"column":60}},"line":69},"10":{"name":"(anonymous_10)","decl":{"start":{"line":82,"column":43},"end":{"line":82,"column":44}},"loc":{"start":{"line":83,"column":10},"end":{"line":88,"column":12}},"line":83}},"branchMap":{"0":{"loc":{"start":{"line":86,"column":14},"end":{"line":86,"column":58}},"type":"cond-expr","locations":[{"start":{"line":86,"column":27},"end":{"line":86,"column":42}},{"start":{"line":86,"column":45},"end":{"line":86,"column":58}}],"line":86}},"s":{"0":1,"1":1,"2":1,"3":1,"4":1,"5":0,"6":0,"7":0,"8":1,"9":1,"10":1,"11":0,"12":0,"13":0,"14":0,"15":0,"16":0,"17":2},"f":{"0":1,"1":1,"2":0,"3":1,"4":0,"5":0,"6":0,"7":0,"8":0,"9":0,"10":2},"b":{"0":[1,1]},"_coverageSchema":"1a1c01bbd47fc00a2c39e90264f33305004495a9","hash":"fed9e2261ddebacba51c115e37547248dbea6afa"}
,"C:\\Users\\ygor_\\OneDrive\\Documentos\\AppOfertando-\\Ofertando\\components\\header\\index.tsx": {"path":"C:\\Users\\ygor_\\OneDrive\\Documentos\\AppOfertando-\\Ofertando\\components\\header\\index.tsx","statementMap":{"0":{"start":{"line":7,"column":21},"end":{"line":7,"column":36}},"1":{"start":{"line":9,"column":2},"end":{"line":36,"column":4}},"2":{"start":{"line":13,"column":23},"end":{"line":13,"column":55}},"3":{"start":{"line":28,"column":17},"end":{"line":28,"column":62}}},"fnMap":{"0":{"name":"Header","decl":{"start":{"line":6,"column":16},"end":{"line":6,"column":22}},"loc":{"start":{"line":6,"column":25},"end":{"line":37,"column":1}},"line":6},"1":{"name":"(anonymous_1)","decl":{"start":{"line":13,"column":17},"end":{"line":13,"column":18}},"loc":{"start":{"line":13,"column":23},"end":{"line":13,"column":55}},"line":13},"2":{"name":"(anonymous_2)","decl":{"start":{"line":28,"column":11},"end":{"line":28,"column":12}},"loc":{"start":{"line":28,"column":17},"end":{"line":28,"column":62}},"line":28}},"branchMap":{},"s":{"0":1,"1":1,"2":0,"3":0},"f":{"0":1,"1":0,"2":0},"b":{},"_coverageSchema":"1a1c01bbd47fc00a2c39e90264f33305004495a9","hash":"14b39deaeaa343fc7b9dbcb9b52dd2223dcb5acb"}
,"C:\\Users\\ygor_\\OneDrive\\Documentos\\AppOfertando-\\Ofertando\\components\\search\\index.tsx": {"path":"C:\\Users\\ygor_\\OneDrive\\Documentos\\AppOfertando-\\Ofertando\\components\\search\\index.tsx","statementMap":{"0":{"start":{"line":6,"column":1},"end":{"line":15,"column":4}}},"fnMap":{"0":{"name":"Search","decl":{"start":{"line":5,"column":16},"end":{"line":5,"column":22}},"loc":{"start":{"line":5,"column":25},"end":{"line":16,"column":1}},"line":5}},"branchMap":{},"s":{"0":1},"f":{"0":1},"b":{},"_coverageSchema":"1a1c01bbd47fc00a2c39e90264f33305004495a9","hash":"c5a6bcd506082338ce11c44aaffa1d1862cf7bb4"}
,"C:\\Users\\ygor_\\OneDrive\\Documentos\\AppOfertando-\\Ofertando\\components\\trending\\index.tsx": {"path":"C:\\Users\\ygor_\\OneDrive\\Documentos\\AppOfertando-\\Ofertando\\components\\trending\\index.tsx","statementMap":{"0":{"start":{"line":16,"column":28},"end":{"line":16,"column":53}},"1":{"start":{"line":17,"column":32},"end":{"line":17,"column":46}},"2":{"start":{"line":18,"column":38},"end":{"line":18,"column":53}},"3":{"start":{"line":19,"column":28},"end":{"line":19,"column":57}},"4":{"start":{"line":21,"column":21},"end":{"line":57,"column":16}},"5":{"start":{"line":22,"column":4},"end":{"line":56,"column":5}},"6":{"start":{"line":23,"column":6},"end":{"line":23,"column":21}},"7":{"start":{"line":24,"column":23},"end":{"line":26,"column":8}},"8":{"start":{"line":28,"column":6},"end":{"line":30,"column":7}},"9":{"start":{"line":29,"column":8},"end":{"line":29,"column":59}},"10":{"start":{"line":32,"column":41},"end":{"line":47,"column":9}},"11":{"start":{"line":32,"column":75},"end":{"line":47,"column":7}},"12":{"start":{"line":49,"column":6},"end":{"line":49,"column":30}},"13":{"start":{"line":51,"column":6},"end":{"line":51,"column":54}},"14":{"start":{"line":52,"column":6},"end":{"line":52,"column":82}},"15":{"start":{"line":54,"column":6},"end":{"line":54,"column":24}},"16":{"start":{"line":55,"column":6},"end":{"line":55,"column":27}},"17":{"start":{"line":59,"column":2},"end":{"line":61,"column":19}},"18":{"start":{"line":60,"column":4},"end":{"line":60,"column":17}},"19":{"start":{"line":63,"column":20},"end":{"line":66,"column":3}},"20":{"start":{"line":64,"column":4},"end":{"line":64,"column":24}},"21":{"start":{"line":65,"column":4},"end":{"line":65,"column":17}},"22":{"start":{"line":68,"column":2},"end":{"line":100,"column":4}},"23":{"start":{"line":87,"column":34},"end":{"line":87,"column":52}},"24":{"start":{"line":89,"column":12},"end":{"line":91,"column":19}}},"fnMap":{"0":{"name":"TrendingFoods","decl":{"start":{"line":15,"column":16},"end":{"line":15,"column":29}},"loc":{"start":{"line":15,"column":93},"end":{"line":101,"column":1}},"line":15},"1":{"name":"(anonymous_1)","decl":{"start":{"line":21,"column":33},"end":{"line":21,"column":34}},"loc":{"start":{"line":21,"column":45},"end":{"line":57,"column":3}},"line":21},"2":{"name":"(anonymous_2)","decl":{"start":{"line":32,"column":59},"end":{"line":32,"column":60}},"loc":{"start":{"line":32,"column":75},"end":{"line":47,"column":7}},"line":32},"3":{"name":"(anonymous_3)","decl":{"start":{"line":59,"column":12},"end":{"line":59,"column":13}},"loc":{"start":{"line":59,"column":18},"end":{"line":61,"column":3}},"line":59},"4":{"name":"(anonymous_4)","decl":{"start":{"line":63,"column":20},"end":{"line":63,"column":21}},"loc":{"start":{"line":63,"column":26},"end":{"line":66,"column":3}},"line":63},"5":{"name":"(anonymous_5)","decl":{"start":{"line":87,"column":24},"end":{"line":87,"column":25}},"loc":{"start":{"line":87,"column":34},"end":{"line":87,"column":52}},"line":87},"6":{"name":"(anonymous_6)","decl":{"start":{"line":88,"column":22},"end":{"line":88,"column":23}},"loc":{"start":{"line":89,"column":12},"end":{"line":91,"column":19}},"line":89}},"branchMap":{"0":{"loc":{"start":{"line":28,"column":6},"end":{"line":30,"column":7}},"type":"if","locations":[{"start":{"line":28,"column":6},"end":{"line":30,"column":7}},{"start":{},"end":{}}],"line":28},"1":{"loc":{"start":{"line":44,"column":18},"end":{"line":44,"column":73}},"type":"cond-expr","locations":[{"start":{"line":44,"column":39},"end":{"line":44,"column":69}},{"start":{"line":44,"column":72},"end":{"line":44,"column":73}}],"line":44},"2":{"loc":{"start":{"line":52,"column":15},"end":{"line":52,"column":80}},"type":"binary-expr","locations":[{"start":{"line":52,"column":15},"end":{"line":52,"column":42}},{"start":{"line":52,"column":46},"end":{"line":52,"column":57}},{"start":{"line":52,"column":61},"end":{"line":52,"column":80}}],"line":52},"3":{"loc":{"start":{"line":77,"column":7},"end":{"line":98,"column":7}},"type":"cond-expr","locations":[{"start":{"line":78,"column":8},"end":{"line":78,"column":75}},{"start":{"line":79,"column":10},"end":{"line":98,"column":7}}],"line":77},"4":{"loc":{"start":{"line":79,"column":10},"end":{"line":98,"column":7}},"type":"cond-expr","locations":[{"start":{"line":80,"column":8},"end":{"line":80,"column":64}},{"start":{"line":81,"column":10},"end":{"line":98,"column":7}}],"line":79},"5":{"loc":{"start":{"line":81,"column":10},"end":{"line":98,"column":7}},"type":"cond-expr","locations":[{"start":{"line":82,"column":8},"end":{"line":82,"column":94}},{"start":{"line":84,"column":8},"end":{"line":97,"column":10}}],"line":81}},"s":{"0":4,"1":4,"2":4,"3":4,"4":4,"5":4,"6":4,"7":4,"8":0,"9":0,"10":0,"11":0,"12":0,"13":0,"14":0,"15":0,"16":0,"17":4,"18":4,"19":4,"20":0,"21":0,"22":4,"23":0,"24":0},"f":{"0":4,"1":4,"2":0,"3":4,"4":0,"5":0,"6":0},"b":{"0":[0,0],"1":[0,0],"2":[0,0,0],"3":[4,0],"4":[0,0],"5":[0,0]},"_coverageSchema":"1a1c01bbd47fc00a2c39e90264f33305004495a9","hash":"76f765511210494fc298252a3d22b6f121cfd052"}
,"C:\\Users\\ygor_\\OneDrive\\Documentos\\AppOfertando-\\Ofertando\\components\\trending\\food\\index.tsx": {"path":"C:\\Users\\ygor_\\OneDrive\\Documentos\\AppOfertando-\\Ofertando\\components\\trending\\food\\index.tsx","statementMap":{"0":{"start":{"line":10,"column":17},"end":{"line":10,"column":28}},"1":{"start":{"line":12,"column":20},"end":{"line":12,"column":36}},"2":{"start":{"line":13,"column":0},"end":{"line":16,"column":1}},"3":{"start":{"line":14,"column":2},"end":{"line":14,"column":50}},"4":{"start":{"line":15,"column":2},"end":{"line":15,"column":14}},"5":{"start":{"line":18,"column":48},"end":{"line":20,"column":38}},"6":{"start":{"line":23,"column":2},"end":{"line":88,"column":4}},"7":{"start":{"line":24,"column":37},"end":{"line":24,"column":71}},"8":{"start":{"line":28,"column":12},"end":{"line":28,"column":32}},"9":{"start":{"line":29,"column":12},"end":{"line":29,"column":43}},"10":{"start":{"line":29,"column":26},"end":{"line":29,"column":43}}},"fnMap":{"0":{"name":"CardHorizontalFood","decl":{"start":{"line":8,"column":16},"end":{"line":8,"column":34}},"loc":{"start":{"line":8,"column":126},"end":{"line":89,"column":1}},"line":8},"1":{"name":"(anonymous_1)","decl":{"start":{"line":19,"column":40},"end":{"line":19,"column":41}},"loc":{"start":{"line":19,"column":46},"end":{"line":19,"column":48}},"line":19},"2":{"name":"(anonymous_2)","decl":{"start":{"line":24,"column":31},"end":{"line":24,"column":32}},"loc":{"start":{"line":24,"column":37},"end":{"line":24,"column":71}},"line":24},"3":{"name":"(anonymous_3)","decl":{"start":{"line":27,"column":19},"end":{"line":27,"column":20}},"loc":{"start":{"line":27,"column":26},"end":{"line":30,"column":11}},"line":27}},"branchMap":{"0":{"loc":{"start":{"line":8,"column":43},"end":{"line":8,"column":70}},"type":"default-arg","locations":[{"start":{"line":8,"column":65},"end":{"line":8,"column":70}}],"line":8},"1":{"loc":{"start":{"line":13,"column":0},"end":{"line":16,"column":1}},"type":"if","locations":[{"start":{"line":13,"column":0},"end":{"line":16,"column":1}},{"start":{},"end":{}}],"line":13},"2":{"loc":{"start":{"line":13,"column":4},"end":{"line":13,"column":51}},"type":"binary-expr","locations":[{"start":{"line":13,"column":4},"end":{"line":13,"column":13}},{"start":{"line":13,"column":17},"end":{"line":13,"column":33}},{"start":{"line":13,"column":37},"end":{"line":13,"column":51}}],"line":13},"3":{"loc":{"start":{"line":18,"column":48},"end":{"line":20,"column":38}},"type":"cond-expr","locations":[{"start":{"line":19,"column":4},"end":{"line":19,"column":66}},{"start":{"line":20,"column":4},"end":{"line":20,"column":38}}],"line":18},"4":{"loc":{"start":{"line":29,"column":12},"end":{"line":29,"column":43}},"type":"if","locations":[{"start":{"line":29,"column":12},"end":{"line":29,"column":43}},{"start":{},"end":{}}],"line":29},"5":{"loc":{"start":{"line":37,"column":27},"end":{"line":37,"column":58}},"type":"cond-expr","locations":[{"start":{"line":37,"column":40},"end":{"line":37,"column":47}},{"start":{"line":37,"column":50},"end":{"line":37,"column":58}}],"line":37},"6":{"loc":{"start":{"line":40,"column":9},"end":{"line":50,"column":9}},"type":"cond-expr","locations":[{"start":{"line":41,"column":10},"end":{"line":45,"column":12}},{"start":{"line":47,"column":10},"end":{"line":49,"column":17}}],"line":40},"7":{"loc":{"start":{"line":58,"column":13},"end":{"line":58,"column":56}},"type":"binary-expr","locations":[{"start":{"line":58,"column":13},"end":{"line":58,"column":30}},{"start":{"line":58,"column":34},"end":{"line":58,"column":56}}],"line":58},"8":{"loc":{"start":{"line":60,"column":11},"end":{"line":62,"column":11}},"type":"binary-expr","locations":[{"start":{"line":60,"column":11},"end":{"line":60,"column":32}},{"start":{"line":61,"column":12},"end":{"line":61,"column":86}}],"line":60},"9":{"loc":{"start":{"line":65,"column":13},"end":{"line":65,"column":92}},"type":"cond-expr","locations":[{"start":{"line":65,"column":55},"end":{"line":65,"column":84}},{"start":{"line":65,"column":87},"end":{"line":65,"column":92}}],"line":65},"10":{"loc":{"start":{"line":70,"column":11},"end":{"line":77,"column":11}},"type":"cond-expr","locations":[{"start":{"line":71,"column":12},"end":{"line":74,"column":19}},{"start":{"line":76,"column":12},"end":{"line":76,"column":86}}],"line":70},"11":{"loc":{"start":{"line":79,"column":11},"end":{"line":84,"column":11}},"type":"binary-expr","locations":[{"start":{"line":79,"column":11},"end":{"line":79,"column":48}},{"start":{"line":80,"column":12},"end":{"line":83,"column":19}}],"line":79}},"s":{"0":0,"1":0,"2":0,"3":0,"4":0,"5":0,"6":0,"7":0,"8":0,"9":0,"10":0},"f":{"0":0,"1":0,"2":0,"3":0},"b":{"0":[0],"1":[0,0],"2":[0,0,0],"3":[0,0],"4":[0,0],"5":[0,0],"6":[0,0],"7":[0,0],"8":[0,0],"9":[0,0],"10":[0,0],"11":[0,0]},"_coverageSchema":"1a1c01bbd47fc00a2c39e90264f33305004495a9","hash":"75013a4fb2756a0ac7955edef7c013edd43e83db"}
,"C:\\Users\\ygor_\\OneDrive\\Documentos\\AppOfertando-\\Ofertando\\utils\\api.ts": {"path":"C:\\Users\\ygor_\\OneDrive\\Documentos\\AppOfertando-\\Ofertando\\utils\\api.ts","statementMap":{"0":{"start":{"line":4,"column":24},"end":{"line":4,"column":49}},"1":{"start":{"line":6,"column":19},"end":{"line":9,"column":2}},"2":{"start":{"line":12,"column":0},"end":{"line":24,"column":2}},"3":{"start":{"line":14,"column":18},"end":{"line":14,"column":57}},"4":{"start":{"line":15,"column":4},"end":{"line":20,"column":5}},"5":{"start":{"line":16,"column":6},"end":{"line":16,"column":55}},"6":{"start":{"line":17,"column":6},"end":{"line":17,"column":65}},"7":{"start":{"line":19,"column":6},"end":{"line":19,"column":67}},"8":{"start":{"line":21,"column":4},"end":{"line":21,"column":18}},"9":{"start":{"line":23,"column":11},"end":{"line":23,"column":32}},"10":{"start":{"line":27,"column":0},"end":{"line":36,"column":2}},"11":{"start":{"line":28,"column":14},"end":{"line":28,"column":22}},"12":{"start":{"line":30,"column":4},"end":{"line":33,"column":5}},"13":{"start":{"line":31,"column":6},"end":{"line":31,"column":76}},"14":{"start":{"line":34,"column":4},"end":{"line":34,"column":33}}},"fnMap":{"0":{"name":"(anonymous_0)","decl":{"start":{"line":13,"column":2},"end":{"line":13,"column":3}},"loc":{"start":{"line":13,"column":18},"end":{"line":22,"column":3}},"line":13},"1":{"name":"(anonymous_1)","decl":{"start":{"line":23,"column":2},"end":{"line":23,"column":3}},"loc":{"start":{"line":23,"column":11},"end":{"line":23,"column":32}},"line":23},"2":{"name":"(anonymous_2)","decl":{"start":{"line":28,"column":2},"end":{"line":28,"column":3}},"loc":{"start":{"line":28,"column":14},"end":{"line":28,"column":22}},"line":28},"3":{"name":"(anonymous_3)","decl":{"start":{"line":29,"column":2},"end":{"line":29,"column":3}},"loc":{"start":{"line":29,"column":17},"end":{"line":35,"column":3}},"line":29}},"branchMap":{"0":{"loc":{"start":{"line":15,"column":4},"end":{"line":20,"column":5}},"type":"if","locations":[{"start":{"line":15,"column":4},"end":{"line":20,"column":5}},{"start":{"line":18,"column":11},"end":{"line":20,"column":5}}],"line":15},"1":{"loc":{"start":{"line":30,"column":4},"end":{"line":33,"column":5}},"type":"if","locations":[{"start":{"line":30,"column":4},"end":{"line":33,"column":5}},{"start":{},"end":{}}],"line":30}},"s":{"0":1,"1":1,"2":1,"3":4,"4":4,"5":0,"6":0,"7":4,"8":4,"9":0,"10":1,"11":0,"12":0,"13":0,"14":0},"f":{"0":4,"1":0,"2":0,"3":0},"b":{"0":[0,4],"1":[0,0]},"_coverageSchema":"1a1c01bbd47fc00a2c39e90264f33305004495a9","hash":"d2e0499b85c132179eff14f28a4cad652d8e9e18"}
,"C:\\Users\\ygor_\\OneDrive\\Documentos\\AppOfertando-\\Ofertando\\utils\\useToggleFavorite.ts": {"path":"C:\\Users\\ygor_\\OneDrive\\Documentos\\AppOfertando-\\Ofertando\\utils\\useToggleFavorite.ts","statementMap":{"0":{"start":{"line":12,"column":38},"end":{"line":12,"column":53}},"1":{"start":{"line":13,"column":32},"end":{"line":13,"column":47}},"2":{"start":{"line":15,"column":2},"end":{"line":41,"column":18}},"3":{"start":{"line":16,"column":20},"end":{"line":16,"column":24}},"4":{"start":{"line":19,"column":24},"end":{"line":19,"column":41}},"5":{"start":{"line":20,"column":6},"end":{"line":23,"column":7}},"6":{"start":{"line":21,"column":8},"end":{"line":21,"column":70}},"7":{"start":{"line":22,"column":8},"end":{"line":22,"column":15}},"8":{"start":{"line":25,"column":6},"end":{"line":33,"column":7}},"9":{"start":{"line":26,"column":20},"end":{"line":26,"column":69}},"10":{"start":{"line":27,"column":8},"end":{"line":27,"column":79}},"11":{"start":{"line":28,"column":8},"end":{"line":30,"column":9}},"12":{"start":{"line":29,"column":10},"end":{"line":29,"column":45}},"13":{"start":{"line":32,"column":8},"end":{"line":32,"column":89}},"14":{"start":{"line":36,"column":4},"end":{"line":36,"column":26}},"15":{"start":{"line":38,"column":4},"end":{"line":40,"column":6}},"16":{"start":{"line":39,"column":6},"end":{"line":39,"column":24}},"17":{"start":{"line":44,"column":22},"end":{"line":44,"column":39}},"18":{"start":{"line":45,"column":4},"end":{"line":48,"column":5}},"19":{"start":{"line":46,"column":6},"end":{"line":46,"column":59}},"20":{"start":{"line":47,"column":6},"end":{"line":47,"column":13}},"21":{"start":{"line":50,"column":4},"end":{"line":50,"column":21}},"22":{"start":{"line":51,"column":4},"end":{"line":58,"column":5}},"23":{"start":{"line":52,"column":6},"end":{"line":52,"column":53}},"24":{"start":{"line":53,"column":6},"end":{"line":53,"column":35}},"25":{"start":{"line":53,"column":28},"end":{"line":53,"column":33}},"26":{"start":{"line":55,"column":6},"end":{"line":55,"column":86}},"27":{"start":{"line":57,"column":6},"end":{"line":57,"column":24}},"28":{"start":{"line":61,"column":2},"end":{"line":61,"column":49}}},"fnMap":{"0":{"name":"useToggleFavorite","decl":{"start":{"line":11,"column":16},"end":{"line":11,"column":33}},"loc":{"start":{"line":11,"column":78},"end":{"line":62,"column":1}},"line":11},"1":{"name":"(anonymous_1)","decl":{"start":{"line":15,"column":12},"end":{"line":15,"column":13}},"loc":{"start":{"line":15,"column":18},"end":{"line":41,"column":3}},"line":15},"2":{"name":"fetchFavoriteStatus","decl":{"start":{"line":18,"column":19},"end":{"line":18,"column":38}},"loc":{"start":{"line":18,"column":41},"end":{"line":34,"column":5}},"line":18},"3":{"name":"(anonymous_3)","decl":{"start":{"line":38,"column":11},"end":{"line":38,"column":12}},"loc":{"start":{"line":38,"column":17},"end":{"line":40,"column":5}},"line":38},"4":{"name":"toggleFavorite","decl":{"start":{"line":43,"column":17},"end":{"line":43,"column":31}},"loc":{"start":{"line":43,"column":34},"end":{"line":59,"column":3}},"line":43},"5":{"name":"(anonymous_5)","decl":{"start":{"line":53,"column":20},"end":{"line":53,"column":21}},"loc":{"start":{"line":53,"column":28},"end":{"line":53,"column":33}},"line":53}},"branchMap":{"0":{"loc":{"start":{"line":20,"column":6},"end":{"line":23,"column":7}},"type":"if","locations":[{"start":{"line":20,"column":6},"end":{"line":23,"column":7}},{"start":{},"end":{}}],"line":20},"1":{"loc":{"start":{"line":20,"column":10},"end":{"line":20,"column":40}},"type":"binary-expr","locations":[{"start":{"line":20,"column":10},"end":{"line":20,"column":20}},{"start":{"line":20,"column":24},"end":{"line":20,"column":40}}],"line":20},"2":{"loc":{"start":{"line":28,"column":8},"end":{"line":30,"column":9}},"type":"if","locations":[{"start":{"line":28,"column":8},"end":{"line":30,"column":9}},{"start":{},"end":{}}],"line":28},"3":{"loc":{"start":{"line":28,"column":12},"end":{"line":28,"column":66}},"type":"binary-expr","locations":[{"start":{"line":28,"column":12},"end":{"line":28,"column":21}},{"start":{"line":28,"column":25},"end":{"line":28,"column":66}}],"line":28},"4":{"loc":{"start":{"line":32,"column":53},"end":{"line":32,"column":87}},"type":"binary-expr","locations":[{"start":{"line":32,"column":53},"end":{"line":32,"column":72}},{"start":{"line":32,"column":76},"end":{"line":32,"column":87}}],"line":32},"5":{"loc":{"start":{"line":45,"column":4},"end":{"line":48,"column":5}},"type":"if","locations":[{"start":{"line":45,"column":4},"end":{"line":48,"column":5}},{"start":{},"end":{}}],"line":45},"6":{"loc":{"start":{"line":45,"column":8},"end":{"line":45,"column":38}},"type":"binary-expr","locations":[{"start":{"line":45,"column":8},"end":{"line":45,"column":18}},{"start":{"line":45,"column":22},"end":{"line":45,"column":38}}],"line":45},"7":{"loc":{"start":{"line":55,"column":50},"end":{"line":55,"column":84}},"type":"binary-expr","locations":[{"start":{"line":55,"column":50},"end":{"line":55,"column":69}},{"start":{"line":55,"column":73},"end":{"line":55,"column":84}}],"line":55}},"s":{"0":0,"1":0,"2":0,"3":0,"4":0,"5":0,"6":0,"7":0,"8":0,"9":0,"10":0,"11":0,"12":0,"13":0,"14":0,"15":0,"16":0,"17":0,"18":0,"19":0,"20":0,"21":0,"22":0,"23":0,"24":0,"25":0,"26":0,"27":0,"28":0},"f":{"0":0,"1":0,"2":0,"3":0,"4":0,"5":0},"b":{"0":[0,0],"1":[0,0],"2":[0,0],"3":[0,0],"4":[0,0],"5":[0,0],"6":[0,0],"7":[0,0]},"_coverageSchema":"1a1c01bbd47fc00a2c39e90264f33305004495a9","hash":"8fd6ef88ff70e2122be5b106a7ec570570c81ad7"}
}
