TN:
SF:app\cadastro.tsx
FN:9,CadastroScreen
FN:27,(anonymous_1)
FN:28,(anonymous_2)
FN:29,(anonymous_3)
FN:31,(anonymous_4)
FN:38,(anonymous_5)
FN:49,(anonymous_6)
FN:65,(anonymous_7)
FN:80,(anonymous_8)
FN:96,(anonymous_9)
FN:186,(anonymous_10)
FN:203,(anonymous_11)
FN:218,(anonymous_12)
FNF:13
FNH:9
FNDA:12,CadastroScreen
FNDA:2,(anonymous_1)
FNDA:2,(anonymous_2)
FNDA:2,(anonymous_3)
FNDA:5,(anonymous_4)
FNDA:2,(anonymous_5)
FNDA:2,(anonymous_6)
FNDA:5,(anonymous_7)
FNDA:2,(anonymous_8)
FNDA:0,(anonymous_9)
FNDA:0,(anonymous_10)
FNDA:0,(anonymous_11)
FNDA:0,(anonymous_12)
DA:10,12
DA:11,12
DA:13,12
DA:14,12
DA:15,12
DA:16,12
DA:17,12
DA:18,12
DA:19,12
DA:20,12
DA:21,12
DA:23,12
DA:24,12
DA:27,12
DA:28,12
DA:29,12
DA:31,12
DA:32,5
DA:33,2
DA:34,2
DA:35,2
DA:38,12
DA:39,2
DA:40,2
DA:41,2
DA:42,2
DA:43,0
DA:44,0
DA:46,2
DA:49,12
DA:50,2
DA:51,2
DA:53,2
DA:54,2
DA:55,0
DA:56,0
DA:57,0
DA:58,0
DA:60,2
DA:65,12
DA:66,5
DA:67,5
DA:70,5
DA:77,5
DA:80,12
DA:81,2
DA:82,0
DA:83,0
DA:86,2
DA:87,2
DA:88,2
DA:89,2
DA:91,2
DA:92,2
DA:96,0
DA:100,0
DA:101,0
DA:103,2
DA:107,12
DA:186,0
DA:203,0
DA:218,0
DA:233,1
LF:63
LH:49
BRDA:32,0,0,3
BRDA:32,0,1,2
BRDA:33,1,0,0
BRDA:33,1,1,2
BRDA:34,2,0,0
BRDA:34,2,1,2
BRDA:40,3,0,0
BRDA:40,3,1,2
BRDA:41,4,0,2
BRDA:41,4,1,0
BRDA:43,5,0,0
BRDA:43,5,1,0
BRDA:51,6,0,0
BRDA:51,6,1,2
BRDA:53,7,0,2
BRDA:53,7,1,0
BRDA:55,8,0,0
BRDA:55,8,1,0
BRDA:57,9,0,0
BRDA:57,9,1,0
BRDA:70,10,0,5
BRDA:70,10,1,2
BRDA:70,10,2,2
BRDA:70,10,3,2
BRDA:70,10,4,2
BRDA:70,10,5,2
BRDA:81,11,0,0
BRDA:81,11,1,2
BRDA:101,12,0,0
BRDA:101,12,1,0
BRDA:108,13,0,12
BRDA:108,13,1,0
BRDA:181,14,0,5
BRDA:181,14,1,7
BRDA:187,15,0,0
BRDA:187,15,1,12
BRDA:190,16,0,5
BRDA:190,16,1,7
BRDA:204,17,0,0
BRDA:204,17,1,12
BRDA:210,18,0,12
BRDA:210,18,1,4
BRDA:210,18,2,4
BRDA:210,18,3,8
BRDA:212,19,0,12
BRDA:212,19,1,4
BRDA:212,19,2,4
BRDA:214,20,0,0
BRDA:214,20,1,12
BRDA:214,21,0,12
BRDA:214,21,1,12
BRF:51
BRH:32
end_of_record
TN:
SF:app\index.tsx
FN:12,WelcomeScreen
FN:31,(anonymous_1)
FN:35,(anonymous_2)
FNF:3
FNH:3
FNDA:3,WelcomeScreen
FNDA:1,(anonymous_1)
FNDA:1,(anonymous_2)
DA:13,3
DA:15,3
DA:31,1
DA:35,1
DA:44,1
LF:5
LH:5
BRF:0
BRH:0
end_of_record
TN:
SF:app\login.tsx
FN:9,LoginScreen
FN:22,(anonymous_1)
FN:28,(anonymous_2)
FN:81,(anonymous_3)
FN:86,(anonymous_4)
FN:98,(anonymous_5)
FNF:6
FNH:3
FNDA:6,LoginScreen
FNDA:3,(anonymous_1)
FNDA:2,(anonymous_2)
FNDA:0,(anonymous_3)
FNDA:0,(anonymous_4)
FNDA:0,(anonymous_5)
DA:10,6
DA:11,6
DA:13,6
DA:14,6
DA:15,6
DA:16,6
DA:19,6
DA:22,6
DA:23,3
DA:24,0
DA:28,6
DA:29,2
DA:30,1
DA:31,1
DA:34,1
DA:35,1
DA:36,1
DA:38,0
DA:40,0
DA:42,1
DA:46,6
DA:81,0
DA:86,0
DA:98,0
DA:108,1
LF:25
LH:19
BRDA:23,0,0,0
BRDA:23,0,1,3
BRDA:29,1,0,1
BRDA:29,1,1,1
BRDA:29,2,0,2
BRDA:29,2,1,1
BRDA:40,3,0,0
BRDA:40,3,1,0
BRDA:47,4,0,6
BRDA:47,4,1,0
BRDA:82,5,0,0
BRDA:82,5,1,6
BRDA:91,6,0,6
BRDA:91,6,1,6
BRDA:91,6,2,0
BRDA:93,7,0,6
BRDA:93,7,1,6
BRDA:95,8,0,0
BRDA:95,8,1,6
BRDA:95,9,0,6
BRDA:95,9,1,6
BRF:21
BRH:14
end_of_record
TN:
SF:app\modal.tsx
FN:6,Modal
FN:19,(anonymous_1)
FN:25,(anonymous_2)
FNF:3
FNH:3
FNDA:3,Modal
FNDA:1,(anonymous_1)
FNDA:1,(anonymous_2)
DA:7,3
DA:9,3
DA:19,1
DA:27,1
LF:4
LH:4
BRDA:35,0,0,3
BRDA:35,0,1,0
BRF:2
BRH:1
end_of_record
TN:
SF:app\notifications.tsx
FN:60,NotificationsScreen
FN:68,(anonymous_1)
FN:81,(anonymous_2)
FN:82,(anonymous_3)
FNF:4
FNH:4
FNDA:2,NotificationsScreen
FNDA:1,(anonymous_1)
FNDA:14,(anonymous_2)
FNDA:12,(anonymous_3)
DA:9,1
DA:61,2
DA:63,2
DA:68,1
DA:81,14
DA:83,12
LF:6
LH:6
BRDA:88,0,0,2
BRDA:88,0,1,10
BRF:2
BRH:2
end_of_record
TN:
SF:app\replacePass.tsx
FN:7,ReplacePass
FN:12,replacePass
FNF:2
FNH:2
FNDA:6,ReplacePass
FNDA:3,replacePass
DA:8,6
DA:9,6
DA:10,6
DA:13,3
DA:14,1
DA:15,1
DA:18,2
DA:19,2
DA:20,1
DA:21,1
DA:23,1
DA:27,6
DA:52,1
LF:13
LH:13
BRDA:13,0,0,1
BRDA:13,0,1,2
BRDA:23,1,0,1
BRDA:23,1,1,0
BRF:4
BRH:3
end_of_record
TN:
SF:app\splash.tsx
FN:5,(anonymous_0)
FN:8,(anonymous_1)
FN:9,(anonymous_2)
FN:13,(anonymous_3)
FNF:4
FNH:4
FNDA:2,(anonymous_0)
FNDA:2,(anonymous_1)
FNDA:2,(anonymous_2)
FNDA:2,(anonymous_3)
DA:5,1
DA:6,2
DA:8,2
DA:9,2
DA:10,2
DA:13,2
DA:16,2
LF:7
LH:7
BRF:0
BRH:0
end_of_record
TN:
SF:app\(drawer)\(tabs)\home.tsx
FN:21,Home
FN:36,(anonymous_1)
FN:40,(anonymous_2)
FN:49,(anonymous_3)
FN:65,(anonymous_4)
FN:73,(anonymous_5)
FN:81,(anonymous_6)
FN:89,(anonymous_7)
FNF:8
FNH:2
FNDA:1,Home
FNDA:2,(anonymous_1)
FNDA:0,(anonymous_2)
FNDA:0,(anonymous_3)
FNDA:0,(anonymous_4)
FNDA:0,(anonymous_5)
FNDA:0,(anonymous_6)
FNDA:0,(anonymous_7)
DA:15,1
DA:17,1
DA:23,1
DA:24,1
DA:37,2
DA:40,0
DA:49,0
DA:65,0
DA:73,0
DA:81,0
DA:89,0
LF:11
LH:5
BRF:0
BRH:0
end_of_record
TN:
SF:assets\1.png
FNF:0
FNH:0
DA:1,1
LF:1
LH:1
BRF:0
BRH:0
end_of_record
TN:
SF:assets\11.png
FNF:0
FNH:0
DA:1,1
LF:1
LH:1
BRF:0
BRH:0
end_of_record
TN:
SF:assets\12.png
FNF:0
FNH:0
DA:1,1
LF:1
LH:1
BRF:0
BRH:0
end_of_record
TN:
SF:assets\2.png
FNF:0
FNH:0
DA:1,1
LF:1
LH:1
BRF:0
BRH:0
end_of_record
TN:
SF:assets\3.png
FNF:0
FNH:0
DA:1,1
LF:1
LH:1
BRF:0
BRH:0
end_of_record
TN:
SF:assets\4.png
FNF:0
FNH:0
DA:1,1
LF:1
LH:1
BRF:0
BRH:0
end_of_record
TN:
SF:assets\5.png
FNF:0
FNH:0
DA:1,1
LF:1
LH:1
BRF:0
BRH:0
end_of_record
TN:
SF:assets\logo.png
FNF:0
FNH:0
DA:1,4
LF:1
LH:1
BRF:0
BRH:0
end_of_record
TN:
SF:components\banner\index.tsx
FN:5,Banner
FN:11,(anonymous_1)
FN:12,(anonymous_2)
FN:18,(anonymous_3)
FN:28,(anonymous_4)
FN:33,(anonymous_5)
FN:42,(anonymous_6)
FN:51,(anonymous_7)
FN:60,(anonymous_8)
FN:69,(anonymous_9)
FN:82,(anonymous_10)
FNF:11
FNH:4
FNDA:1,Banner
FNDA:1,(anonymous_1)
FNDA:0,(anonymous_2)
FNDA:1,(anonymous_3)
FNDA:0,(anonymous_4)
FNDA:0,(anonymous_5)
FNDA:0,(anonymous_6)
FNDA:0,(anonymous_7)
FNDA:0,(anonymous_8)
FNDA:0,(anonymous_9)
FNDA:2,(anonymous_10)
DA:6,1
DA:7,1
DA:9,1
DA:11,1
DA:12,1
DA:13,0
DA:14,0
DA:15,0
DA:18,1
DA:21,1
DA:28,0
DA:33,0
DA:42,0
DA:51,0
DA:60,0
DA:69,0
DA:83,2
LF:17
LH:8
BRDA:86,0,0,1
BRDA:86,0,1,1
BRF:2
BRH:2
end_of_record
TN:
SF:components\header\index.tsx
FN:6,Header
FN:13,(anonymous_1)
FN:28,(anonymous_2)
FNF:3
FNH:1
FNDA:1,Header
FNDA:0,(anonymous_1)
FNDA:0,(anonymous_2)
DA:7,1
DA:9,1
DA:13,0
DA:28,0
LF:4
LH:2
BRF:0
BRH:0
end_of_record
TN:
SF:components\search\index.tsx
FN:5,Search
FNF:1
FNH:1
FNDA:1,Search
DA:6,1
LF:1
LH:1
BRF:0
BRH:0
end_of_record
TN:
SF:components\trending\index.tsx
FN:15,TrendingFoods
FN:21,(anonymous_1)
FN:32,(anonymous_2)
FN:59,(anonymous_3)
FN:63,(anonymous_4)
FN:87,(anonymous_5)
FN:88,(anonymous_6)
FNF:7
FNH:3
FNDA:4,TrendingFoods
FNDA:4,(anonymous_1)
FNDA:0,(anonymous_2)
FNDA:4,(anonymous_3)
FNDA:0,(anonymous_4)
FNDA:0,(anonymous_5)
FNDA:0,(anonymous_6)
DA:16,4
DA:17,4
DA:18,4
DA:19,4
DA:21,4
DA:22,4
DA:23,4
DA:24,4
DA:28,0
DA:29,0
DA:32,0
DA:49,0
DA:51,0
DA:52,0
DA:54,0
DA:55,0
DA:59,4
DA:60,4
DA:63,4
DA:64,0
DA:65,0
DA:68,4
DA:87,0
DA:89,0
LF:24
LH:12
BRDA:28,0,0,0
BRDA:28,0,1,0
BRDA:44,1,0,0
BRDA:44,1,1,0
BRDA:52,2,0,0
BRDA:52,2,1,0
BRDA:52,2,2,0
BRDA:77,3,0,4
BRDA:77,3,1,0
BRDA:79,4,0,0
BRDA:79,4,1,0
BRDA:81,5,0,0
BRDA:81,5,1,0
BRF:13
BRH:1
end_of_record
TN:
SF:components\trending\food\index.tsx
FN:8,CardHorizontalFood
FN:19,(anonymous_1)
FN:24,(anonymous_2)
FN:27,(anonymous_3)
FNF:4
FNH:0
FNDA:0,CardHorizontalFood
FNDA:0,(anonymous_1)
FNDA:0,(anonymous_2)
FNDA:0,(anonymous_3)
DA:10,0
DA:12,0
DA:13,0
DA:14,0
DA:15,0
DA:18,0
DA:23,0
DA:24,0
DA:28,0
DA:29,0
LF:10
LH:0
BRDA:8,0,0,0
BRDA:13,1,0,0
BRDA:13,1,1,0
BRDA:13,2,0,0
BRDA:13,2,1,0
BRDA:13,2,2,0
BRDA:18,3,0,0
BRDA:18,3,1,0
BRDA:29,4,0,0
BRDA:29,4,1,0
BRDA:37,5,0,0
BRDA:37,5,1,0
BRDA:40,6,0,0
BRDA:40,6,1,0
BRDA:58,7,0,0
BRDA:58,7,1,0
BRDA:60,8,0,0
BRDA:60,8,1,0
BRDA:65,9,0,0
BRDA:65,9,1,0
BRDA:70,10,0,0
BRDA:70,10,1,0
BRDA:79,11,0,0
BRDA:79,11,1,0
BRF:24
BRH:0
end_of_record
TN:
SF:utils\api.ts
FN:13,(anonymous_0)
FN:23,(anonymous_1)
FN:28,(anonymous_2)
FN:29,(anonymous_3)
FNF:4
FNH:1
FNDA:4,(anonymous_0)
FNDA:0,(anonymous_1)
FNDA:0,(anonymous_2)
FNDA:0,(anonymous_3)
DA:4,1
DA:6,1
DA:12,1
DA:14,4
DA:15,4
DA:16,0
DA:17,0
DA:19,4
DA:21,4
DA:23,0
DA:27,1
DA:28,0
DA:30,0
DA:31,0
DA:34,0
LF:15
LH:8
BRDA:15,0,0,0
BRDA:15,0,1,4
BRDA:30,1,0,0
BRDA:30,1,1,0
BRF:4
BRH:1
end_of_record
TN:
SF:utils\useToggleFavorite.ts
FN:11,useToggleFavorite
FN:15,(anonymous_1)
FN:18,fetchFavoriteStatus
FN:38,(anonymous_3)
FN:43,toggleFavorite
FN:53,(anonymous_5)
FNF:6
FNH:0
FNDA:0,useToggleFavorite
FNDA:0,(anonymous_1)
FNDA:0,fetchFavoriteStatus
FNDA:0,(anonymous_3)
FNDA:0,toggleFavorite
FNDA:0,(anonymous_5)
DA:12,0
DA:13,0
DA:15,0
DA:16,0
DA:19,0
DA:20,0
DA:21,0
DA:22,0
DA:25,0
DA:26,0
DA:27,0
DA:28,0
DA:29,0
DA:32,0
DA:36,0
DA:38,0
DA:39,0
DA:44,0
DA:45,0
DA:46,0
DA:47,0
DA:50,0
DA:51,0
DA:52,0
DA:53,0
DA:55,0
DA:57,0
DA:61,0
LF:28
LH:0
BRDA:20,0,0,0
BRDA:20,0,1,0
BRDA:20,1,0,0
BRDA:20,1,1,0
BRDA:28,2,0,0
BRDA:28,2,1,0
BRDA:28,3,0,0
BRDA:28,3,1,0
BRDA:32,4,0,0
BRDA:32,4,1,0
BRDA:45,5,0,0
BRDA:45,5,1,0
BRDA:45,6,0,0
BRDA:45,6,1,0
BRDA:55,7,0,0
BRDA:55,7,1,0
BRF:16
BRH:0
end_of_record
