{"numFailedTestSuites":1,"numFailedTests":2,"numPassedTestSuites":1,"numPassedTests":4,"numPendingTestSuites":0,"numPendingTests":0,"numRuntimeErrorTestSuites":0,"numTodoTests":0,"numTotalTestSuites":2,"numTotalTests":6,"openHandles":[],"snapshot":{"added":0,"didUpdate":false,"failure":false,"filesAdded":0,"filesRemoved":0,"filesRemovedList":[],"filesUnmatched":0,"filesUpdated":0,"matched":0,"total":0,"unchecked":0,"uncheckedKeysByFile":[],"unmatched":0,"updated":0},"startTime":1750726144548,"success":false,"testResults":[{"assertionResults":[{"ancestorTitles":["LoginScreen"],"duration":107,"failureDetails":[],"failureMessages":[],"fullName":"LoginScreen renderiza os campos de email e senha corretamente","invocations":1,"location":null,"numPassingAsserts":3,"retryReasons":[],"status":"passed","title":"renderiza os campos de email e senha corretamente"},{"ancestorTitles":["LoginScreen"],"duration":37,"failureDetails":[],"failureMessages":[],"fullName":"LoginScreen exibe alerta se campos estiverem vazios","invocations":1,"location":null,"numPassingAsserts":2,"retryReasons":[],"status":"passed","title":"exibe alerta se campos estiverem vazios"},{"ancestorTitles":["LoginScreen"],"duration":22,"failureDetails":[],"failureMessages":[],"fullName":"LoginScreen chama signIn com email e senha válidos","invocations":1,"location":null,"numPassingAsserts":1,"retryReasons":[],"status":"passed","title":"chama signIn com email e senha válidos"}],"endTime":1750726146816,"message":"","name":"C:\\Users\\ygor_\\OneDrive\\Documentos\\AppOfertando-\\Ofertando\\__tests__\\screens\\login.test.tsx","startTime":1750726145185,"status":"passed","summary":""},{"assertionResults":[{"ancestorTitles":["CadastroScreen"],"duration":157,"failureDetails":[],"failureMessages":[],"fullName":"CadastroScreen renderiza todos os campos obrigatórios","invocations":1,"location":null,"numPassingAsserts":7,"retryReasons":[],"status":"passed","title":"renderiza todos os campos obrigatórios"},{"ancestorTitles":["CadastroScreen"],"duration":1024,"failureDetails":[{"matcherResult":{"message":"\u001b[2mexpect(\u001b[22m\u001b[31mjest.fn()\u001b[39m\u001b[2m).\u001b[22mtoHaveBeenCalledWith\u001b[2m(\u001b[22m\u001b[32m...expected\u001b[39m\u001b[2m)\u001b[22m\n\nExpected: \u001b[32m\"Erro\"\u001b[39m, \u001b[32mStringContaining \"preencha\"\u001b[39m\n\nNumber of calls: \u001b[31m0\u001b[39m","pass":false}}],"failureMessages":["Error: \u001b[2mexpect(\u001b[22m\u001b[31mjest.fn()\u001b[39m\u001b[2m).\u001b[22mtoHaveBeenCalledWith\u001b[2m(\u001b[22m\u001b[32m...expected\u001b[39m\u001b[2m)\u001b[22m\n\nExpected: \u001b[32m\"Erro\"\u001b[39m, \u001b[32mStringContaining \"preencha\"\u001b[39m\n\nNumber of calls: \u001b[31m0\u001b[39m\n    at Object.<anonymous> (C:\\Users\\ygor_\\OneDrive\\Documentos\\AppOfertando-\\Ofertando\\__tests__\\screens\\cadastro.test.tsx:56:18)\n    at Generator.next (<anonymous>)\n    at asyncGeneratorStep (C:\\Users\\ygor_\\OneDrive\\Documentos\\AppOfertando-\\Ofertando\\node_modules\\@babel\\runtime\\helpers\\asyncToGenerator.js:3:17)\n    at _next (C:\\Users\\ygor_\\OneDrive\\Documentos\\AppOfertando-\\Ofertando\\node_modules\\@babel\\runtime\\helpers\\asyncToGenerator.js:17:9)"],"fullName":"CadastroScreen impede cadastro com campos inválidos e exibe alerta","invocations":1,"location":null,"numPassingAsserts":0,"retryReasons":[],"status":"failed","title":"impede cadastro com campos inválidos e exibe alerta"},{"ancestorTitles":["CadastroScreen"],"duration":1026,"failureDetails":[{"matcherResult":{"message":"\u001b[2mexpect(\u001b[22m\u001b[31mjest.fn()\u001b[39m\u001b[2m).\u001b[22mtoHaveBeenCalledWith\u001b[2m(\u001b[22m\u001b[32m...expected\u001b[39m\u001b[2m)\u001b[22m\n\nExpected: \u001b[32m\"Ygor Cortês\"\u001b[39m, \u001b[32mAny<String>\u001b[39m, \u001b[32m\"(99)99999-9999\"\u001b[39m, \u001b[32m\"ygor@example.com\"\u001b[39m, \u001b[32m\"123456\"\u001b[39m\n\nNumber of calls: \u001b[31m0\u001b[39m","pass":false}}],"failureMessages":["Error: \u001b[2mexpect(\u001b[22m\u001b[31mjest.fn()\u001b[39m\u001b[2m).\u001b[22mtoHaveBeenCalledWith\u001b[2m(\u001b[22m\u001b[32m...expected\u001b[39m\u001b[2m)\u001b[22m\n\nExpected: \u001b[32m\"Ygor Cortês\"\u001b[39m, \u001b[32mAny<String>\u001b[39m, \u001b[32m\"(99)99999-9999\"\u001b[39m, \u001b[32m\"ygor@example.com\"\u001b[39m, \u001b[32m\"123456\"\u001b[39m\n\nNumber of calls: \u001b[31m0\u001b[39m\n    at Object.<anonymous> (C:\\Users\\ygor_\\OneDrive\\Documentos\\AppOfertando-\\Ofertando\\__tests__\\screens\\cadastro.test.tsx:79:18)\n    at Generator.next (<anonymous>)\n    at asyncGeneratorStep (C:\\Users\\ygor_\\OneDrive\\Documentos\\AppOfertando-\\Ofertando\\node_modules\\@babel\\runtime\\helpers\\asyncToGenerator.js:3:17)\n    at _next (C:\\Users\\ygor_\\OneDrive\\Documentos\\AppOfertando-\\Ofertando\\node_modules\\@babel\\runtime\\helpers\\asyncToGenerator.js:17:9)"],"fullName":"CadastroScreen realiza cadastro com dados válidos","invocations":1,"location":null,"numPassingAsserts":0,"retryReasons":[],"status":"failed","title":"realiza cadastro com dados válidos"}],"endTime":1750726149382,"message":"\u001b[1m\u001b[31m  \u001b[1m● \u001b[22m\u001b[1mCadastroScreen › impede cadastro com campos inválidos e exibe alerta\u001b[39m\u001b[22m\n\n    \u001b[2mexpect(\u001b[22m\u001b[31mjest.fn()\u001b[39m\u001b[2m).\u001b[22mtoHaveBeenCalledWith\u001b[2m(\u001b[22m\u001b[32m...expected\u001b[39m\u001b[2m)\u001b[22m\n\n    Expected: \u001b[32m\"Erro\"\u001b[39m, \u001b[32mStringContaining \"preencha\"\u001b[39m\n\n    Number of calls: \u001b[31m0\u001b[39m\n\u001b[2m\u001b[22m\n\u001b[2m    \u001b[0m \u001b[90m 54 |\u001b[39m     })\u001b[33m;\u001b[39m\u001b[22m\n\u001b[2m     \u001b[90m 55 |\u001b[39m\u001b[22m\n\u001b[2m    \u001b[31m\u001b[1m>\u001b[22m\u001b[2m\u001b[39m\u001b[90m 56 |\u001b[39m     \u001b[36mawait\u001b[39m waitFor(() \u001b[33m=>\u001b[39m {\u001b[22m\n\u001b[2m     \u001b[90m    |\u001b[39m                  \u001b[31m\u001b[1m^\u001b[22m\u001b[2m\u001b[39m\u001b[22m\n\u001b[2m     \u001b[90m 57 |\u001b[39m       expect(alertMock)\u001b[33m.\u001b[39mtoHaveBeenCalledWith(\u001b[32m'Erro'\u001b[39m\u001b[33m,\u001b[39m expect\u001b[33m.\u001b[39mstringContaining(\u001b[32m'preencha'\u001b[39m))\u001b[33m;\u001b[39m\u001b[22m\n\u001b[2m     \u001b[90m 58 |\u001b[39m       expect(mockSignUp)\u001b[33m.\u001b[39mnot\u001b[33m.\u001b[39mtoHaveBeenCalled()\u001b[33m;\u001b[39m\u001b[22m\n\u001b[2m     \u001b[90m 59 |\u001b[39m     })\u001b[33m;\u001b[39m\u001b[0m\u001b[22m\n\u001b[2m\u001b[22m\n\u001b[2m      \u001b[2mat Object.<anonymous> (\u001b[22m\u001b[2m\u001b[0m\u001b[36m__tests__/screens/cadastro.test.tsx\u001b[39m\u001b[0m\u001b[2m:56:18)\u001b[22m\u001b[2m\u001b[22m\n\u001b[2m      \u001b[2mat asyncGeneratorStep (\u001b[22m\u001b[2mnode_modules/@babel/runtime/helpers/asyncToGenerator.js\u001b[2m:3:17)\u001b[22m\u001b[2m\u001b[22m\n\u001b[2m      \u001b[2mat _next (\u001b[22m\u001b[2mnode_modules/@babel/runtime/helpers/asyncToGenerator.js\u001b[2m:17:9)\u001b[22m\u001b[2m\u001b[22m\n\n\u001b[1m\u001b[31m  \u001b[1m● \u001b[22m\u001b[1mCadastroScreen › realiza cadastro com dados válidos\u001b[39m\u001b[22m\n\n    \u001b[2mexpect(\u001b[22m\u001b[31mjest.fn()\u001b[39m\u001b[2m).\u001b[22mtoHaveBeenCalledWith\u001b[2m(\u001b[22m\u001b[32m...expected\u001b[39m\u001b[2m)\u001b[22m\n\n    Expected: \u001b[32m\"Ygor Cortês\"\u001b[39m, \u001b[32mAny<String>\u001b[39m, \u001b[32m\"(99)99999-9999\"\u001b[39m, \u001b[32m\"ygor@example.com\"\u001b[39m, \u001b[32m\"123456\"\u001b[39m\n\n    Number of calls: \u001b[31m0\u001b[39m\n\u001b[2m\u001b[22m\n\u001b[2m    \u001b[0m \u001b[90m 77 |\u001b[39m     })\u001b[33m;\u001b[39m\u001b[22m\n\u001b[2m     \u001b[90m 78 |\u001b[39m\u001b[22m\n\u001b[2m    \u001b[31m\u001b[1m>\u001b[22m\u001b[2m\u001b[39m\u001b[90m 79 |\u001b[39m     \u001b[36mawait\u001b[39m waitFor(() \u001b[33m=>\u001b[39m {\u001b[22m\n\u001b[2m     \u001b[90m    |\u001b[39m                  \u001b[31m\u001b[1m^\u001b[22m\u001b[2m\u001b[39m\u001b[22m\n\u001b[2m     \u001b[90m 80 |\u001b[39m       expect(mockSignUp)\u001b[33m.\u001b[39mtoHaveBeenCalledWith(\u001b[22m\n\u001b[2m     \u001b[90m 81 |\u001b[39m         \u001b[32m'Ygor Cortês'\u001b[39m\u001b[33m,\u001b[39m\u001b[22m\n\u001b[2m     \u001b[90m 82 |\u001b[39m         expect\u001b[33m.\u001b[39many(\u001b[33mString\u001b[39m)\u001b[33m,\u001b[39m \u001b[90m// dataNascimento no formato ISO\u001b[39m\u001b[0m\u001b[22m\n\u001b[2m\u001b[22m\n\u001b[2m      \u001b[2mat Object.<anonymous> (\u001b[22m\u001b[2m\u001b[0m\u001b[36m__tests__/screens/cadastro.test.tsx\u001b[39m\u001b[0m\u001b[2m:79:18)\u001b[22m\u001b[2m\u001b[22m\n\u001b[2m      \u001b[2mat asyncGeneratorStep (\u001b[22m\u001b[2mnode_modules/@babel/runtime/helpers/asyncToGenerator.js\u001b[2m:3:17)\u001b[22m\u001b[2m\u001b[22m\n\u001b[2m      \u001b[2mat _next (\u001b[22m\u001b[2mnode_modules/@babel/runtime/helpers/asyncToGenerator.js\u001b[2m:17:9)\u001b[22m\u001b[2m\u001b[22m\n","name":"C:\\Users\\ygor_\\OneDrive\\Documentos\\AppOfertando-\\Ofertando\\__tests__\\screens\\cadastro.test.tsx","startTime":1750726145182,"status":"failed","summary":""}],"wasInterrupted":false}
